2024-03-03 14:00:40,737 INFO o.a.j.u.JMeterUtils: Setting Locale to en_EN
2024-03-03 14:00:40,764 INFO o.a.j.JMeter: Loading user properties from: user.properties
2024-03-03 14:00:40,765 INFO o.a.j.JMeter: Loading system properties from: system.properties
2024-03-03 14:00:40,779 INFO o.a.j.JMeter: Copyright (c) 1998-2024 The Apache Software Foundation
2024-03-03 14:00:40,779 INFO o.a.j.JMeter: Version 5.6.3
2024-03-03 14:00:40,779 INFO o.a.j.JMeter: java.version=21.0.2
2024-03-03 14:00:40,779 INFO o.a.j.JMeter: java.vm.name=Java HotSpot(TM) 64-Bit Server VM
2024-03-03 14:00:40,779 INFO o.a.j.JMeter: os.name=Windows 11
2024-03-03 14:00:40,779 INFO o.a.j.JMeter: os.arch=amd64
2024-03-03 14:00:40,779 INFO o.a.j.JMeter: os.version=10.0
2024-03-03 14:00:40,779 INFO o.a.j.JMeter: file.encoding=UTF-8
2024-03-03 14:00:40,779 INFO o.a.j.JMeter: java.awt.headless=null
2024-03-03 14:00:40,780 INFO o.a.j.JMeter: Max memory     =1073741824
2024-03-03 14:00:40,780 INFO o.a.j.JMeter: Available Processors =8
2024-03-03 14:00:40,794 INFO o.a.j.JMeter: Default Locale=English (EN)
2024-03-03 14:00:40,794 INFO o.a.j.JMeter: JMeter  Locale=English (EN)
2024-03-03 14:00:40,794 INFO o.a.j.JMeter: JMeterHome=C:\Users\ADMIN\Downloads\apache-jmeter-5.6.3\apache-jmeter-5.6.3
2024-03-03 14:00:40,794 INFO o.a.j.JMeter: user.dir  =C:\Users\ADMIN\Downloads\apache-jmeter-5.6.3\apache-jmeter-5.6.3\bin
2024-03-03 14:00:40,795 INFO o.a.j.JMeter: PWD       =C:\Users\ADMIN\Downloads\apache-jmeter-5.6.3\apache-jmeter-5.6.3\bin
2024-03-03 14:00:40,897 INFO o.a.j.JMeter: IP: 10.0.0.94 Name: Darshhhhh FullName: 10.0.0.94
2024-03-03 14:00:40,910 INFO o.a.j.JMeter: Loaded icon properties from org/apache/jmeter/images/icon.properties
2024-03-03 14:00:41,151 INFO o.a.j.JMeterGuiLauncher: Setting LAF to: com.github.weisj.darklaf.DarkLaf:com.github.weisj.darklaf.theme.DarculaTheme
2024-03-03 14:04:40,188 INFO o.a.j.p.h.s.HTTPSamplerBase: Parser for text/html is org.apache.jmeter.protocol.http.parser.LagartoBasedHtmlParser
2024-03-03 14:04:40,189 INFO o.a.j.p.h.s.HTTPSamplerBase: Parser for application/xhtml+xml is org.apache.jmeter.protocol.http.parser.LagartoBasedHtmlParser
2024-03-03 14:04:40,189 INFO o.a.j.p.h.s.HTTPSamplerBase: Parser for application/xml is org.apache.jmeter.protocol.http.parser.LagartoBasedHtmlParser
2024-03-03 14:04:40,189 INFO o.a.j.p.h.s.HTTPSamplerBase: Parser for text/xml is org.apache.jmeter.protocol.http.parser.LagartoBasedHtmlParser
2024-03-03 14:04:40,189 INFO o.a.j.p.h.s.HTTPSamplerBase: Parser for text/vnd.wap.wml is org.apache.jmeter.protocol.http.parser.RegexpHTMLParser
2024-03-03 14:04:40,189 INFO o.a.j.p.h.s.HTTPSamplerBase: Parser for text/css is org.apache.jmeter.protocol.http.parser.CssParser
2024-03-03 14:07:39,702 INFO o.a.j.s.SampleResult: Note: Sample TimeStamps are START times
2024-03-03 14:07:39,702 INFO o.a.j.s.SampleResult: sampleresult.default.encoding is set to UTF-8
2024-03-03 14:07:39,702 INFO o.a.j.s.SampleResult: sampleresult.useNanoTime=true
2024-03-03 14:07:39,702 INFO o.a.j.s.SampleResult: sampleresult.nanoThreadSleep=5000
2024-03-03 14:22:51,809 INFO o.a.j.s.FileServer: Default base='C:\Users\ADMIN\Downloads\apache-jmeter-5.6.3\apache-jmeter-5.6.3\bin'
2024-03-03 14:22:51,813 INFO o.a.j.s.FileServer: Set new base='C:\Users\ADMIN\Desktop\Lab-5-JMETER-FILES'
2024-03-03 14:22:52,092 INFO o.a.j.s.SaveService: Testplan (JMX) version: 2.2. Testlog (JTL) version: 2.2
2024-03-03 14:22:52,123 INFO o.a.j.s.SaveService: Using SaveService properties version 5.0
2024-03-03 14:22:52,125 INFO o.a.j.s.SaveService: Using SaveService properties file encoding UTF-8
2024-03-03 14:22:52,161 INFO o.a.j.e.StandardJMeterEngine: Running the test!
2024-03-03 14:22:52,161 INFO o.a.j.s.SampleEvent: List of sample_variables: []
2024-03-03 14:22:52,162 INFO o.a.j.s.SampleEvent: List of sample_variables: []
2024-03-03 14:22:52,163 INFO o.a.j.e.u.CompoundVariable: Note: Function class names must contain the string: '.functions.'
2024-03-03 14:22:52,163 INFO o.a.j.e.u.CompoundVariable: Note: Function class names must not contain the string: '.gui.'
2024-03-03 14:22:52,214 INFO o.a.j.g.u.JMeterMenuBar: setRunning(true, *local*)
2024-03-03 14:22:52,278 INFO o.a.j.e.StandardJMeterEngine: Starting ThreadGroup: 1 : Thread Group For POST
2024-03-03 14:22:52,278 INFO o.a.j.e.StandardJMeterEngine: Starting 1 threads for group Thread Group For POST.
2024-03-03 14:22:52,278 INFO o.a.j.e.StandardJMeterEngine: Thread will continue on error
2024-03-03 14:22:52,279 INFO o.a.j.t.ThreadGroup: Starting thread group... number=1 threads=1 ramp-up=1 delayedStart=false
2024-03-03 14:22:52,283 INFO o.a.j.t.ThreadGroup: Started thread group number 1
2024-03-03 14:22:52,283 INFO o.a.j.e.StandardJMeterEngine: Starting ThreadGroup: 2 : Thread Group - USER - RESGISTER
2024-03-03 14:22:52,283 INFO o.a.j.e.StandardJMeterEngine: Starting 30 threads for group Thread Group - USER - RESGISTER.
2024-03-03 14:22:52,283 INFO o.a.j.e.StandardJMeterEngine: Thread will continue on error
2024-03-03 14:22:52,283 INFO o.a.j.t.ThreadGroup: Starting thread group... number=2 threads=30 ramp-up=10 delayedStart=false
2024-03-03 14:22:52,284 INFO o.a.j.t.JMeterThread: Thread started: Thread Group For POST 1-1
2024-03-03 14:22:52,296 INFO o.a.j.t.JMeterThread: Thread started: Thread Group - USER - RESGISTER 2-1
2024-03-03 14:22:52,299 INFO o.a.j.s.FileServer: Stored: C:/Users/ADMIN/Downloads/jmeter_user_registration - Sheet1.csv
2024-03-03 14:22:52,305 INFO o.a.j.t.ThreadGroup: Started thread group number 2
2024-03-03 14:22:52,306 INFO o.a.j.e.StandardJMeterEngine: All thread groups have been started
2024-03-03 14:22:52,330 INFO o.a.j.p.h.s.HTTPHCAbstractImpl: Local host = Darshhhhh
2024-03-03 14:22:52,349 INFO o.a.j.p.h.s.HTTPHC4Impl: HTTP request retry count = 0
2024-03-03 14:22:52,501 INFO o.a.j.t.JMeterThread: Thread is done: Thread Group For POST 1-1
2024-03-03 14:22:52,501 INFO o.a.j.t.JMeterThread: Thread finished: Thread Group For POST 1-1
2024-03-03 14:22:52,521 INFO o.a.j.t.JMeterThread: Thread is done: Thread Group - USER - RESGISTER 2-1
2024-03-03 14:22:52,521 INFO o.a.j.t.JMeterThread: Thread finished: Thread Group - USER - RESGISTER 2-1
2024-03-03 14:22:52,630 INFO o.a.j.t.JMeterThread: Thread started: Thread Group - USER - RESGISTER 2-2
2024-03-03 14:22:52,635 INFO o.a.j.t.JMeterThread: Thread is done: Thread Group - USER - RESGISTER 2-2
2024-03-03 14:22:52,635 INFO o.a.j.t.JMeterThread: Thread finished: Thread Group - USER - RESGISTER 2-2
2024-03-03 14:22:52,962 INFO o.a.j.t.JMeterThread: Thread started: Thread Group - USER - RESGISTER 2-3
2024-03-03 14:22:52,969 INFO o.a.j.t.JMeterThread: Thread is done: Thread Group - USER - RESGISTER 2-3
2024-03-03 14:22:52,969 INFO o.a.j.t.JMeterThread: Thread finished: Thread Group - USER - RESGISTER 2-3
2024-03-03 14:22:53,294 INFO o.a.j.t.JMeterThread: Thread started: Thread Group - USER - RESGISTER 2-4
2024-03-03 14:22:53,299 INFO o.a.j.t.JMeterThread: Thread is done: Thread Group - USER - RESGISTER 2-4
2024-03-03 14:22:53,299 INFO o.a.j.t.JMeterThread: Thread finished: Thread Group - USER - RESGISTER 2-4
2024-03-03 14:22:53,626 INFO o.a.j.t.JMeterThread: Thread started: Thread Group - USER - RESGISTER 2-5
2024-03-03 14:22:53,632 INFO o.a.j.t.JMeterThread: Thread is done: Thread Group - USER - RESGISTER 2-5
2024-03-03 14:22:53,632 INFO o.a.j.t.JMeterThread: Thread finished: Thread Group - USER - RESGISTER 2-5
2024-03-03 14:22:53,959 INFO o.a.j.t.JMeterThread: Thread started: Thread Group - USER - RESGISTER 2-6
2024-03-03 14:22:53,967 INFO o.a.j.t.JMeterThread: Thread is done: Thread Group - USER - RESGISTER 2-6
2024-03-03 14:22:53,967 INFO o.a.j.t.JMeterThread: Thread finished: Thread Group - USER - RESGISTER 2-6
2024-03-03 14:22:54,291 INFO o.a.j.t.JMeterThread: Thread started: Thread Group - USER - RESGISTER 2-7
2024-03-03 14:22:54,296 INFO o.a.j.t.JMeterThread: Thread is done: Thread Group - USER - RESGISTER 2-7
2024-03-03 14:22:54,296 INFO o.a.j.t.JMeterThread: Thread finished: Thread Group - USER - RESGISTER 2-7
2024-03-03 14:22:54,622 INFO o.a.j.t.JMeterThread: Thread started: Thread Group - USER - RESGISTER 2-8
2024-03-03 14:22:54,633 INFO o.a.j.t.JMeterThread: Thread is done: Thread Group - USER - RESGISTER 2-8
2024-03-03 14:22:54,633 INFO o.a.j.t.JMeterThread: Thread finished: Thread Group - USER - RESGISTER 2-8
2024-03-03 14:22:54,954 INFO o.a.j.t.JMeterThread: Thread started: Thread Group - USER - RESGISTER 2-9
2024-03-03 14:22:54,960 INFO o.a.j.t.JMeterThread: Thread is done: Thread Group - USER - RESGISTER 2-9
2024-03-03 14:22:54,960 INFO o.a.j.t.JMeterThread: Thread finished: Thread Group - USER - RESGISTER 2-9
2024-03-03 14:22:55,289 INFO o.a.j.t.JMeterThread: Thread started: Thread Group - USER - RESGISTER 2-10
2024-03-03 14:22:55,292 INFO o.a.j.t.JMeterThread: Thread is done: Thread Group - USER - RESGISTER 2-10
2024-03-03 14:22:55,292 INFO o.a.j.t.JMeterThread: Thread finished: Thread Group - USER - RESGISTER 2-10
2024-03-03 14:22:55,620 INFO o.a.j.t.JMeterThread: Thread started: Thread Group - USER - RESGISTER 2-11
2024-03-03 14:22:55,625 INFO o.a.j.t.JMeterThread: Thread is done: Thread Group - USER - RESGISTER 2-11
2024-03-03 14:22:55,625 INFO o.a.j.t.JMeterThread: Thread finished: Thread Group - USER - RESGISTER 2-11
2024-03-03 14:22:55,954 INFO o.a.j.t.JMeterThread: Thread started: Thread Group - USER - RESGISTER 2-12
2024-03-03 14:22:55,962 INFO o.a.j.t.JMeterThread: Thread is done: Thread Group - USER - RESGISTER 2-12
2024-03-03 14:22:55,962 INFO o.a.j.t.JMeterThread: Thread finished: Thread Group - USER - RESGISTER 2-12
2024-03-03 14:22:56,286 INFO o.a.j.t.JMeterThread: Thread started: Thread Group - USER - RESGISTER 2-13
2024-03-03 14:22:56,292 INFO o.a.j.t.JMeterThread: Thread is done: Thread Group - USER - RESGISTER 2-13
2024-03-03 14:22:56,292 INFO o.a.j.t.JMeterThread: Thread finished: Thread Group - USER - RESGISTER 2-13
2024-03-03 14:22:56,617 INFO o.a.j.t.JMeterThread: Thread started: Thread Group - USER - RESGISTER 2-14
2024-03-03 14:22:56,623 INFO o.a.j.t.JMeterThread: Thread is done: Thread Group - USER - RESGISTER 2-14
2024-03-03 14:22:56,623 INFO o.a.j.t.JMeterThread: Thread finished: Thread Group - USER - RESGISTER 2-14
2024-03-03 14:22:56,949 INFO o.a.j.t.JMeterThread: Thread started: Thread Group - USER - RESGISTER 2-15
2024-03-03 14:22:56,953 INFO o.a.j.t.JMeterThread: Thread is done: Thread Group - USER - RESGISTER 2-15
2024-03-03 14:22:56,953 INFO o.a.j.t.JMeterThread: Thread finished: Thread Group - USER - RESGISTER 2-15
2024-03-03 14:22:57,291 INFO o.a.j.t.JMeterThread: Thread started: Thread Group - USER - RESGISTER 2-16
2024-03-03 14:22:57,296 INFO o.a.j.t.JMeterThread: Thread is done: Thread Group - USER - RESGISTER 2-16
2024-03-03 14:22:57,296 INFO o.a.j.t.JMeterThread: Thread finished: Thread Group - USER - RESGISTER 2-16
2024-03-03 14:22:57,620 INFO o.a.j.t.JMeterThread: Thread started: Thread Group - USER - RESGISTER 2-17
2024-03-03 14:22:57,626 INFO o.a.j.t.JMeterThread: Thread is done: Thread Group - USER - RESGISTER 2-17
2024-03-03 14:22:57,627 INFO o.a.j.t.JMeterThread: Thread finished: Thread Group - USER - RESGISTER 2-17
2024-03-03 14:22:57,950 INFO o.a.j.t.JMeterThread: Thread started: Thread Group - USER - RESGISTER 2-18
2024-03-03 14:22:57,962 INFO o.a.j.t.JMeterThread: Thread is done: Thread Group - USER - RESGISTER 2-18
2024-03-03 14:22:57,962 INFO o.a.j.t.JMeterThread: Thread finished: Thread Group - USER - RESGISTER 2-18
2024-03-03 14:22:58,285 INFO o.a.j.t.JMeterThread: Thread started: Thread Group - USER - RESGISTER 2-19
2024-03-03 14:22:58,291 INFO o.a.j.t.JMeterThread: Thread is done: Thread Group - USER - RESGISTER 2-19
2024-03-03 14:22:58,291 INFO o.a.j.t.JMeterThread: Thread finished: Thread Group - USER - RESGISTER 2-19
2024-03-03 14:22:58,617 INFO o.a.j.t.JMeterThread: Thread started: Thread Group - USER - RESGISTER 2-20
2024-03-03 14:22:58,621 INFO o.a.j.t.JMeterThread: Thread is done: Thread Group - USER - RESGISTER 2-20
2024-03-03 14:22:58,621 INFO o.a.j.t.JMeterThread: Thread finished: Thread Group - USER - RESGISTER 2-20
2024-03-03 14:22:58,949 INFO o.a.j.t.JMeterThread: Thread started: Thread Group - USER - RESGISTER 2-21
2024-03-03 14:22:58,956 INFO o.a.j.t.JMeterThread: Thread is done: Thread Group - USER - RESGISTER 2-21
2024-03-03 14:22:58,956 INFO o.a.j.t.JMeterThread: Thread finished: Thread Group - USER - RESGISTER 2-21
2024-03-03 14:22:59,287 INFO o.a.j.t.JMeterThread: Thread started: Thread Group - USER - RESGISTER 2-22
2024-03-03 14:22:59,294 INFO o.a.j.t.JMeterThread: Thread is done: Thread Group - USER - RESGISTER 2-22
2024-03-03 14:22:59,294 INFO o.a.j.t.JMeterThread: Thread finished: Thread Group - USER - RESGISTER 2-22
2024-03-03 14:22:59,613 INFO o.a.j.t.JMeterThread: Thread started: Thread Group - USER - RESGISTER 2-23
2024-03-03 14:22:59,621 INFO o.a.j.t.JMeterThread: Thread is done: Thread Group - USER - RESGISTER 2-23
2024-03-03 14:22:59,622 INFO o.a.j.t.JMeterThread: Thread finished: Thread Group - USER - RESGISTER 2-23
2024-03-03 14:22:59,948 INFO o.a.j.t.JMeterThread: Thread started: Thread Group - USER - RESGISTER 2-24
2024-03-03 14:22:59,954 INFO o.a.j.t.JMeterThread: Thread is done: Thread Group - USER - RESGISTER 2-24
2024-03-03 14:22:59,954 INFO o.a.j.t.JMeterThread: Thread finished: Thread Group - USER - RESGISTER 2-24
2024-03-03 14:23:00,281 INFO o.a.j.t.JMeterThread: Thread started: Thread Group - USER - RESGISTER 2-25
2024-03-03 14:23:00,285 INFO o.a.j.t.JMeterThread: Thread is done: Thread Group - USER - RESGISTER 2-25
2024-03-03 14:23:00,285 INFO o.a.j.t.JMeterThread: Thread finished: Thread Group - USER - RESGISTER 2-25
2024-03-03 14:23:00,612 INFO o.a.j.t.JMeterThread: Thread started: Thread Group - USER - RESGISTER 2-26
2024-03-03 14:23:00,619 INFO o.a.j.t.JMeterThread: Thread is done: Thread Group - USER - RESGISTER 2-26
2024-03-03 14:23:00,619 INFO o.a.j.t.JMeterThread: Thread finished: Thread Group - USER - RESGISTER 2-26
2024-03-03 14:23:00,957 INFO o.a.j.t.JMeterThread: Thread started: Thread Group - USER - RESGISTER 2-27
2024-03-03 14:23:00,961 INFO o.a.j.t.JMeterThread: Thread is done: Thread Group - USER - RESGISTER 2-27
2024-03-03 14:23:00,961 INFO o.a.j.t.JMeterThread: Thread finished: Thread Group - USER - RESGISTER 2-27
2024-03-03 14:23:01,277 INFO o.a.j.t.JMeterThread: Thread started: Thread Group - USER - RESGISTER 2-28
2024-03-03 14:23:01,284 INFO o.a.j.t.JMeterThread: Thread is done: Thread Group - USER - RESGISTER 2-28
2024-03-03 14:23:01,284 INFO o.a.j.t.JMeterThread: Thread finished: Thread Group - USER - RESGISTER 2-28
2024-03-03 14:23:01,610 INFO o.a.j.t.JMeterThread: Thread started: Thread Group - USER - RESGISTER 2-29
2024-03-03 14:23:01,614 INFO o.a.j.t.JMeterThread: Thread is done: Thread Group - USER - RESGISTER 2-29
2024-03-03 14:23:01,614 INFO o.a.j.t.JMeterThread: Thread finished: Thread Group - USER - RESGISTER 2-29
2024-03-03 14:23:01,942 INFO o.a.j.t.JMeterThread: Thread started: Thread Group - USER - RESGISTER 2-30
2024-03-03 14:23:01,949 INFO o.a.j.t.JMeterThread: Thread is done: Thread Group - USER - RESGISTER 2-30
2024-03-03 14:23:01,949 INFO o.a.j.t.JMeterThread: Thread finished: Thread Group - USER - RESGISTER 2-30
2024-03-03 14:23:01,949 INFO o.a.j.e.StandardJMeterEngine: Notifying test listeners of end of test
2024-03-03 14:23:01,949 INFO o.a.j.s.FileServer: Close: C:/Users/ADMIN/Downloads/jmeter_user_registration - Sheet1.csv
2024-03-03 14:23:01,951 INFO o.a.j.g.u.JMeterMenuBar: setRunning(false, *local*)
2024-03-03 14:24:32,456 INFO o.a.j.e.StandardJMeterEngine: Running the test!
2024-03-03 14:24:32,457 INFO o.a.j.s.SampleEvent: List of sample_variables: []
2024-03-03 14:24:32,458 INFO o.a.j.g.u.JMeterMenuBar: setRunning(true, *local*)
2024-03-03 14:24:32,515 INFO o.a.j.e.StandardJMeterEngine: Starting ThreadGroup: 1 : Thread Group For POST
2024-03-03 14:24:32,515 INFO o.a.j.e.StandardJMeterEngine: Starting 1 threads for group Thread Group For POST.
2024-03-03 14:24:32,515 INFO o.a.j.e.StandardJMeterEngine: Thread will continue on error
2024-03-03 14:24:32,515 INFO o.a.j.t.ThreadGroup: Starting thread group... number=1 threads=1 ramp-up=1 delayedStart=false
2024-03-03 14:24:32,516 INFO o.a.j.t.ThreadGroup: Started thread group number 1
2024-03-03 14:24:32,517 INFO o.a.j.e.StandardJMeterEngine: Starting ThreadGroup: 2 : Thread Group - USER - RESGISTER
2024-03-03 14:24:32,517 INFO o.a.j.e.StandardJMeterEngine: Starting 30 threads for group Thread Group - USER - RESGISTER.
2024-03-03 14:24:32,517 INFO o.a.j.e.StandardJMeterEngine: Thread will continue on error
2024-03-03 14:24:32,517 INFO o.a.j.t.ThreadGroup: Starting thread group... number=2 threads=30 ramp-up=10 delayedStart=false
2024-03-03 14:24:32,517 INFO o.a.j.t.JMeterThread: Thread started: Thread Group For POST 1-1
2024-03-03 14:24:32,518 INFO o.a.j.t.JMeterThread: Thread started: Thread Group - USER - RESGISTER 2-1
2024-03-03 14:24:32,519 INFO o.a.j.s.FileServer: Stored: C:/Users/ADMIN/Downloads/jmeter_user_registration - Sheet1.csv
2024-03-03 14:24:32,528 INFO o.a.j.t.ThreadGroup: Started thread group number 2
2024-03-03 14:24:32,528 INFO o.a.j.e.StandardJMeterEngine: All thread groups have been started
2024-03-03 14:24:32,531 INFO o.a.j.t.JMeterThread: Thread is done: Thread Group - USER - RESGISTER 2-1
2024-03-03 14:24:32,531 INFO o.a.j.t.JMeterThread: Thread finished: Thread Group - USER - RESGISTER 2-1
2024-03-03 14:24:32,559 INFO o.a.j.t.JMeterThread: Thread is done: Thread Group For POST 1-1
2024-03-03 14:24:32,559 INFO o.a.j.t.JMeterThread: Thread finished: Thread Group For POST 1-1
2024-03-03 14:24:32,851 INFO o.a.j.t.JMeterThread: Thread started: Thread Group - USER - RESGISTER 2-2
2024-03-03 14:24:32,855 INFO o.a.j.t.JMeterThread: Thread is done: Thread Group - USER - RESGISTER 2-2
2024-03-03 14:24:32,855 INFO o.a.j.t.JMeterThread: Thread finished: Thread Group - USER - RESGISTER 2-2
2024-03-03 14:24:33,185 INFO o.a.j.t.JMeterThread: Thread started: Thread Group - USER - RESGISTER 2-3
2024-03-03 14:24:33,190 INFO o.a.j.t.JMeterThread: Thread is done: Thread Group - USER - RESGISTER 2-3
2024-03-03 14:24:33,190 INFO o.a.j.t.JMeterThread: Thread finished: Thread Group - USER - RESGISTER 2-3
2024-03-03 14:24:33,522 INFO o.a.j.t.JMeterThread: Thread started: Thread Group - USER - RESGISTER 2-4
2024-03-03 14:24:33,526 INFO o.a.j.t.JMeterThread: Thread is done: Thread Group - USER - RESGISTER 2-4
2024-03-03 14:24:33,526 INFO o.a.j.t.JMeterThread: Thread finished: Thread Group - USER - RESGISTER 2-4
2024-03-03 14:24:33,860 INFO o.a.j.t.JMeterThread: Thread started: Thread Group - USER - RESGISTER 2-5
2024-03-03 14:24:33,866 INFO o.a.j.t.JMeterThread: Thread is done: Thread Group - USER - RESGISTER 2-5
2024-03-03 14:24:33,866 INFO o.a.j.t.JMeterThread: Thread finished: Thread Group - USER - RESGISTER 2-5
2024-03-03 14:24:34,184 INFO o.a.j.t.JMeterThread: Thread started: Thread Group - USER - RESGISTER 2-6
2024-03-03 14:24:34,188 INFO o.a.j.t.JMeterThread: Thread is done: Thread Group - USER - RESGISTER 2-6
2024-03-03 14:24:34,188 INFO o.a.j.t.JMeterThread: Thread finished: Thread Group - USER - RESGISTER 2-6
2024-03-03 14:24:34,523 INFO o.a.j.t.JMeterThread: Thread started: Thread Group - USER - RESGISTER 2-7
2024-03-03 14:24:34,531 INFO o.a.j.t.JMeterThread: Thread is done: Thread Group - USER - RESGISTER 2-7
2024-03-03 14:24:34,531 INFO o.a.j.t.JMeterThread: Thread finished: Thread Group - USER - RESGISTER 2-7
2024-03-03 14:24:34,851 INFO o.a.j.t.JMeterThread: Thread started: Thread Group - USER - RESGISTER 2-8
2024-03-03 14:24:34,855 INFO o.a.j.t.JMeterThread: Thread is done: Thread Group - USER - RESGISTER 2-8
2024-03-03 14:24:34,855 INFO o.a.j.t.JMeterThread: Thread finished: Thread Group - USER - RESGISTER 2-8
2024-03-03 14:24:35,189 INFO o.a.j.t.JMeterThread: Thread started: Thread Group - USER - RESGISTER 2-9
2024-03-03 14:24:35,193 INFO o.a.j.t.JMeterThread: Thread is done: Thread Group - USER - RESGISTER 2-9
2024-03-03 14:24:35,193 INFO o.a.j.t.JMeterThread: Thread finished: Thread Group - USER - RESGISTER 2-9
2024-03-03 14:24:35,520 INFO o.a.j.t.JMeterThread: Thread started: Thread Group - USER - RESGISTER 2-10
2024-03-03 14:24:35,527 INFO o.a.j.t.JMeterThread: Thread is done: Thread Group - USER - RESGISTER 2-10
2024-03-03 14:24:35,528 INFO o.a.j.t.JMeterThread: Thread finished: Thread Group - USER - RESGISTER 2-10
2024-03-03 14:24:35,855 INFO o.a.j.t.JMeterThread: Thread started: Thread Group - USER - RESGISTER 2-11
2024-03-03 14:24:35,859 INFO o.a.j.t.JMeterThread: Thread is done: Thread Group - USER - RESGISTER 2-11
2024-03-03 14:24:35,859 INFO o.a.j.t.JMeterThread: Thread finished: Thread Group - USER - RESGISTER 2-11
2024-03-03 14:24:36,189 INFO o.a.j.t.JMeterThread: Thread started: Thread Group - USER - RESGISTER 2-12
2024-03-03 14:24:36,194 INFO o.a.j.t.JMeterThread: Thread is done: Thread Group - USER - RESGISTER 2-12
2024-03-03 14:24:36,194 INFO o.a.j.t.JMeterThread: Thread finished: Thread Group - USER - RESGISTER 2-12
2024-03-03 14:24:36,522 INFO o.a.j.t.JMeterThread: Thread started: Thread Group - USER - RESGISTER 2-13
2024-03-03 14:24:36,529 INFO o.a.j.t.JMeterThread: Thread is done: Thread Group - USER - RESGISTER 2-13
2024-03-03 14:24:36,529 INFO o.a.j.t.JMeterThread: Thread finished: Thread Group - USER - RESGISTER 2-13
2024-03-03 14:24:36,852 INFO o.a.j.t.JMeterThread: Thread started: Thread Group - USER - RESGISTER 2-14
2024-03-03 14:24:36,857 INFO o.a.j.t.JMeterThread: Thread is done: Thread Group - USER - RESGISTER 2-14
2024-03-03 14:24:36,857 INFO o.a.j.t.JMeterThread: Thread finished: Thread Group - USER - RESGISTER 2-14
2024-03-03 14:24:37,189 INFO o.a.j.t.JMeterThread: Thread started: Thread Group - USER - RESGISTER 2-15
2024-03-03 14:24:37,192 INFO o.a.j.t.JMeterThread: Thread is done: Thread Group - USER - RESGISTER 2-15
2024-03-03 14:24:37,193 INFO o.a.j.t.JMeterThread: Thread finished: Thread Group - USER - RESGISTER 2-15
2024-03-03 14:24:37,519 INFO o.a.j.t.JMeterThread: Thread started: Thread Group - USER - RESGISTER 2-16
2024-03-03 14:24:37,522 INFO o.a.j.t.JMeterThread: Thread is done: Thread Group - USER - RESGISTER 2-16
2024-03-03 14:24:37,522 INFO o.a.j.t.JMeterThread: Thread finished: Thread Group - USER - RESGISTER 2-16
2024-03-03 14:24:37,852 INFO o.a.j.t.JMeterThread: Thread started: Thread Group - USER - RESGISTER 2-17
2024-03-03 14:24:37,858 INFO o.a.j.t.JMeterThread: Thread is done: Thread Group - USER - RESGISTER 2-17
2024-03-03 14:24:37,859 INFO o.a.j.t.JMeterThread: Thread finished: Thread Group - USER - RESGISTER 2-17
2024-03-03 14:24:38,184 INFO o.a.j.t.JMeterThread: Thread started: Thread Group - USER - RESGISTER 2-18
2024-03-03 14:24:38,189 INFO o.a.j.t.JMeterThread: Thread is done: Thread Group - USER - RESGISTER 2-18
2024-03-03 14:24:38,189 INFO o.a.j.t.JMeterThread: Thread finished: Thread Group - USER - RESGISTER 2-18
2024-03-03 14:24:38,518 INFO o.a.j.t.JMeterThread: Thread started: Thread Group - USER - RESGISTER 2-19
2024-03-03 14:24:38,523 INFO o.a.j.t.JMeterThread: Thread is done: Thread Group - USER - RESGISTER 2-19
2024-03-03 14:24:38,523 INFO o.a.j.t.JMeterThread: Thread finished: Thread Group - USER - RESGISTER 2-19
2024-03-03 14:24:38,850 INFO o.a.j.t.JMeterThread: Thread started: Thread Group - USER - RESGISTER 2-20
2024-03-03 14:24:38,853 INFO o.a.j.t.JMeterThread: Thread is done: Thread Group - USER - RESGISTER 2-20
2024-03-03 14:24:38,853 INFO o.a.j.t.JMeterThread: Thread finished: Thread Group - USER - RESGISTER 2-20
2024-03-03 14:24:39,183 INFO o.a.j.t.JMeterThread: Thread started: Thread Group - USER - RESGISTER 2-21
2024-03-03 14:24:39,187 INFO o.a.j.t.JMeterThread: Thread is done: Thread Group - USER - RESGISTER 2-21
2024-03-03 14:24:39,187 INFO o.a.j.t.JMeterThread: Thread finished: Thread Group - USER - RESGISTER 2-21
2024-03-03 14:24:39,515 INFO o.a.j.t.JMeterThread: Thread started: Thread Group - USER - RESGISTER 2-22
2024-03-03 14:24:39,524 INFO o.a.j.t.JMeterThread: Thread is done: Thread Group - USER - RESGISTER 2-22
2024-03-03 14:24:39,524 INFO o.a.j.t.JMeterThread: Thread finished: Thread Group - USER - RESGISTER 2-22
2024-03-03 14:24:39,847 INFO o.a.j.t.JMeterThread: Thread started: Thread Group - USER - RESGISTER 2-23
2024-03-03 14:24:39,850 INFO o.a.j.t.JMeterThread: Thread is done: Thread Group - USER - RESGISTER 2-23
2024-03-03 14:24:39,850 INFO o.a.j.t.JMeterThread: Thread finished: Thread Group - USER - RESGISTER 2-23
2024-03-03 14:24:40,179 INFO o.a.j.t.JMeterThread: Thread started: Thread Group - USER - RESGISTER 2-24
2024-03-03 14:24:40,184 INFO o.a.j.t.JMeterThread: Thread is done: Thread Group - USER - RESGISTER 2-24
2024-03-03 14:24:40,184 INFO o.a.j.t.JMeterThread: Thread finished: Thread Group - USER - RESGISTER 2-24
2024-03-03 14:24:40,523 INFO o.a.j.t.JMeterThread: Thread started: Thread Group - USER - RESGISTER 2-25
2024-03-03 14:24:40,529 INFO o.a.j.t.JMeterThread: Thread is done: Thread Group - USER - RESGISTER 2-25
2024-03-03 14:24:40,529 INFO o.a.j.t.JMeterThread: Thread finished: Thread Group - USER - RESGISTER 2-25
2024-03-03 14:24:40,847 INFO o.a.j.t.JMeterThread: Thread started: Thread Group - USER - RESGISTER 2-26
2024-03-03 14:24:40,851 INFO o.a.j.t.JMeterThread: Thread is done: Thread Group - USER - RESGISTER 2-26
2024-03-03 14:24:40,851 INFO o.a.j.t.JMeterThread: Thread finished: Thread Group - USER - RESGISTER 2-26
2024-03-03 14:24:41,180 INFO o.a.j.t.JMeterThread: Thread started: Thread Group - USER - RESGISTER 2-27
2024-03-03 14:24:41,185 INFO o.a.j.t.JMeterThread: Thread is done: Thread Group - USER - RESGISTER 2-27
2024-03-03 14:24:41,185 INFO o.a.j.t.JMeterThread: Thread finished: Thread Group - USER - RESGISTER 2-27
2024-03-03 14:24:41,512 INFO o.a.j.t.JMeterThread: Thread started: Thread Group - USER - RESGISTER 2-28
2024-03-03 14:24:41,518 INFO o.a.j.t.JMeterThread: Thread is done: Thread Group - USER - RESGISTER 2-28
2024-03-03 14:24:41,518 INFO o.a.j.t.JMeterThread: Thread finished: Thread Group - USER - RESGISTER 2-28
2024-03-03 14:24:41,842 INFO o.a.j.t.JMeterThread: Thread started: Thread Group - USER - RESGISTER 2-29
2024-03-03 14:24:41,846 INFO o.a.j.t.JMeterThread: Thread is done: Thread Group - USER - RESGISTER 2-29
2024-03-03 14:24:41,846 INFO o.a.j.t.JMeterThread: Thread finished: Thread Group - USER - RESGISTER 2-29
2024-03-03 14:24:42,178 INFO o.a.j.t.JMeterThread: Thread started: Thread Group - USER - RESGISTER 2-30
2024-03-03 14:24:42,181 INFO o.a.j.t.JMeterThread: Thread is done: Thread Group - USER - RESGISTER 2-30
2024-03-03 14:24:42,182 INFO o.a.j.t.JMeterThread: Thread finished: Thread Group - USER - RESGISTER 2-30
2024-03-03 14:24:42,182 INFO o.a.j.e.StandardJMeterEngine: Notifying test listeners of end of test
2024-03-03 14:24:42,182 INFO o.a.j.s.FileServer: Close: C:/Users/ADMIN/Downloads/jmeter_user_registration - Sheet1.csv
2024-03-03 14:24:42,182 INFO o.a.j.g.u.JMeterMenuBar: setRunning(false, *local*)
2024-03-03 14:27:12,500 INFO o.a.j.e.StandardJMeterEngine: Running the test!
2024-03-03 14:27:12,500 INFO o.a.j.s.SampleEvent: List of sample_variables: []
2024-03-03 14:27:12,500 INFO o.a.j.g.u.JMeterMenuBar: setRunning(true, *local*)
2024-03-03 14:27:12,544 INFO o.a.j.e.StandardJMeterEngine: Starting ThreadGroup: 1 : Thread Group For POST
2024-03-03 14:27:12,545 INFO o.a.j.e.StandardJMeterEngine: Starting 1 threads for group Thread Group For POST.
2024-03-03 14:27:12,545 INFO o.a.j.e.StandardJMeterEngine: Thread will continue on error
2024-03-03 14:27:12,545 INFO o.a.j.t.ThreadGroup: Starting thread group... number=1 threads=1 ramp-up=1 delayedStart=false
2024-03-03 14:27:12,546 INFO o.a.j.t.ThreadGroup: Started thread group number 1
2024-03-03 14:27:12,546 INFO o.a.j.e.StandardJMeterEngine: Starting ThreadGroup: 2 : Thread Group - USER - RESGISTER
2024-03-03 14:27:12,546 INFO o.a.j.e.StandardJMeterEngine: Starting 30 threads for group Thread Group - USER - RESGISTER.
2024-03-03 14:27:12,546 INFO o.a.j.e.StandardJMeterEngine: Thread will continue on error
2024-03-03 14:27:12,546 INFO o.a.j.t.ThreadGroup: Starting thread group... number=2 threads=30 ramp-up=10 delayedStart=false
2024-03-03 14:27:12,547 INFO o.a.j.t.JMeterThread: Thread started: Thread Group For POST 1-1
2024-03-03 14:27:12,547 INFO o.a.j.t.JMeterThread: Thread started: Thread Group - USER - RESGISTER 2-1
2024-03-03 14:27:12,547 INFO o.a.j.s.FileServer: Stored: C:/Users/ADMIN/Downloads/jmeter_user_registration - Sheet1.csv
2024-03-03 14:27:12,557 INFO o.a.j.t.JMeterThread: Thread is done: Thread Group - USER - RESGISTER 2-1
2024-03-03 14:27:12,557 INFO o.a.j.t.ThreadGroup: Started thread group number 2
2024-03-03 14:27:12,557 INFO o.a.j.t.JMeterThread: Thread finished: Thread Group - USER - RESGISTER 2-1
2024-03-03 14:27:12,557 INFO o.a.j.e.StandardJMeterEngine: All thread groups have been started
2024-03-03 14:27:12,580 INFO o.a.j.t.JMeterThread: Thread is done: Thread Group For POST 1-1
2024-03-03 14:27:12,580 INFO o.a.j.t.JMeterThread: Thread finished: Thread Group For POST 1-1
2024-03-03 14:27:12,881 INFO o.a.j.t.JMeterThread: Thread started: Thread Group - USER - RESGISTER 2-2
2024-03-03 14:27:12,888 INFO o.a.j.t.JMeterThread: Thread is done: Thread Group - USER - RESGISTER 2-2
2024-03-03 14:27:12,888 INFO o.a.j.t.JMeterThread: Thread finished: Thread Group - USER - RESGISTER 2-2
2024-03-03 14:27:13,213 INFO o.a.j.t.JMeterThread: Thread started: Thread Group - USER - RESGISTER 2-3
2024-03-03 14:27:13,219 INFO o.a.j.t.JMeterThread: Thread is done: Thread Group - USER - RESGISTER 2-3
2024-03-03 14:27:13,219 INFO o.a.j.t.JMeterThread: Thread finished: Thread Group - USER - RESGISTER 2-3
2024-03-03 14:27:13,546 INFO o.a.j.t.JMeterThread: Thread started: Thread Group - USER - RESGISTER 2-4
2024-03-03 14:27:13,550 INFO o.a.j.t.JMeterThread: Thread is done: Thread Group - USER - RESGISTER 2-4
2024-03-03 14:27:13,551 INFO o.a.j.t.JMeterThread: Thread finished: Thread Group - USER - RESGISTER 2-4
2024-03-03 14:27:13,880 INFO o.a.j.t.JMeterThread: Thread started: Thread Group - USER - RESGISTER 2-5
2024-03-03 14:27:13,887 INFO o.a.j.t.JMeterThread: Thread is done: Thread Group - USER - RESGISTER 2-5
2024-03-03 14:27:13,888 INFO o.a.j.t.JMeterThread: Thread finished: Thread Group - USER - RESGISTER 2-5
2024-03-03 14:27:14,212 INFO o.a.j.t.JMeterThread: Thread started: Thread Group - USER - RESGISTER 2-6
2024-03-03 14:27:14,219 INFO o.a.j.t.JMeterThread: Thread is done: Thread Group - USER - RESGISTER 2-6
2024-03-03 14:27:14,219 INFO o.a.j.t.JMeterThread: Thread finished: Thread Group - USER - RESGISTER 2-6
2024-03-03 14:27:14,545 INFO o.a.j.t.JMeterThread: Thread started: Thread Group - USER - RESGISTER 2-7
2024-03-03 14:27:14,549 INFO o.a.j.t.JMeterThread: Thread is done: Thread Group - USER - RESGISTER 2-7
2024-03-03 14:27:14,550 INFO o.a.j.t.JMeterThread: Thread finished: Thread Group - USER - RESGISTER 2-7
2024-03-03 14:27:14,878 INFO o.a.j.t.JMeterThread: Thread started: Thread Group - USER - RESGISTER 2-8
2024-03-03 14:27:14,884 INFO o.a.j.t.JMeterThread: Thread is done: Thread Group - USER - RESGISTER 2-8
2024-03-03 14:27:14,884 INFO o.a.j.t.JMeterThread: Thread finished: Thread Group - USER - RESGISTER 2-8
2024-03-03 14:27:15,212 INFO o.a.j.t.JMeterThread: Thread started: Thread Group - USER - RESGISTER 2-9
2024-03-03 14:27:15,220 INFO o.a.j.t.JMeterThread: Thread is done: Thread Group - USER - RESGISTER 2-9
2024-03-03 14:27:15,220 INFO o.a.j.t.JMeterThread: Thread finished: Thread Group - USER - RESGISTER 2-9
2024-03-03 14:27:15,544 INFO o.a.j.t.JMeterThread: Thread started: Thread Group - USER - RESGISTER 2-10
2024-03-03 14:27:15,548 INFO o.a.j.t.JMeterThread: Thread is done: Thread Group - USER - RESGISTER 2-10
2024-03-03 14:27:15,548 INFO o.a.j.t.JMeterThread: Thread finished: Thread Group - USER - RESGISTER 2-10
2024-03-03 14:27:15,878 INFO o.a.j.t.JMeterThread: Thread started: Thread Group - USER - RESGISTER 2-11
2024-03-03 14:27:15,891 INFO o.a.j.t.JMeterThread: Thread is done: Thread Group - USER - RESGISTER 2-11
2024-03-03 14:27:15,892 INFO o.a.j.t.JMeterThread: Thread finished: Thread Group - USER - RESGISTER 2-11
2024-03-03 14:27:16,212 INFO o.a.j.t.JMeterThread: Thread started: Thread Group - USER - RESGISTER 2-12
2024-03-03 14:27:16,219 INFO o.a.j.t.JMeterThread: Thread is done: Thread Group - USER - RESGISTER 2-12
2024-03-03 14:27:16,219 INFO o.a.j.t.JMeterThread: Thread finished: Thread Group - USER - RESGISTER 2-12
2024-03-03 14:27:16,544 INFO o.a.j.t.JMeterThread: Thread started: Thread Group - USER - RESGISTER 2-13
2024-03-03 14:27:16,550 INFO o.a.j.t.JMeterThread: Thread is done: Thread Group - USER - RESGISTER 2-13
2024-03-03 14:27:16,550 INFO o.a.j.t.JMeterThread: Thread finished: Thread Group - USER - RESGISTER 2-13
2024-03-03 14:27:16,877 INFO o.a.j.t.JMeterThread: Thread started: Thread Group - USER - RESGISTER 2-14
2024-03-03 14:27:16,884 INFO o.a.j.t.JMeterThread: Thread is done: Thread Group - USER - RESGISTER 2-14
2024-03-03 14:27:16,884 INFO o.a.j.t.JMeterThread: Thread finished: Thread Group - USER - RESGISTER 2-14
2024-03-03 14:27:17,210 INFO o.a.j.t.JMeterThread: Thread started: Thread Group - USER - RESGISTER 2-15
2024-03-03 14:27:17,218 INFO o.a.j.t.JMeterThread: Thread is done: Thread Group - USER - RESGISTER 2-15
2024-03-03 14:27:17,218 INFO o.a.j.t.JMeterThread: Thread finished: Thread Group - USER - RESGISTER 2-15
2024-03-03 14:27:17,542 INFO o.a.j.t.JMeterThread: Thread started: Thread Group - USER - RESGISTER 2-16
2024-03-03 14:27:17,549 INFO o.a.j.t.JMeterThread: Thread is done: Thread Group - USER - RESGISTER 2-16
2024-03-03 14:27:17,549 INFO o.a.j.t.JMeterThread: Thread finished: Thread Group - USER - RESGISTER 2-16
2024-03-03 14:27:17,876 INFO o.a.j.t.JMeterThread: Thread started: Thread Group - USER - RESGISTER 2-17
2024-03-03 14:27:17,880 INFO o.a.j.t.JMeterThread: Thread is done: Thread Group - USER - RESGISTER 2-17
2024-03-03 14:27:17,880 INFO o.a.j.t.JMeterThread: Thread finished: Thread Group - USER - RESGISTER 2-17
2024-03-03 14:27:18,210 INFO o.a.j.t.JMeterThread: Thread started: Thread Group - USER - RESGISTER 2-18
2024-03-03 14:27:18,215 INFO o.a.j.t.JMeterThread: Thread is done: Thread Group - USER - RESGISTER 2-18
2024-03-03 14:27:18,215 INFO o.a.j.t.JMeterThread: Thread finished: Thread Group - USER - RESGISTER 2-18
2024-03-03 14:27:18,541 INFO o.a.j.t.JMeterThread: Thread started: Thread Group - USER - RESGISTER 2-19
2024-03-03 14:27:18,548 INFO o.a.j.t.JMeterThread: Thread is done: Thread Group - USER - RESGISTER 2-19
2024-03-03 14:27:18,548 INFO o.a.j.t.JMeterThread: Thread finished: Thread Group - USER - RESGISTER 2-19
2024-03-03 14:27:18,875 INFO o.a.j.t.JMeterThread: Thread started: Thread Group - USER - RESGISTER 2-20
2024-03-03 14:27:18,879 INFO o.a.j.t.JMeterThread: Thread is done: Thread Group - USER - RESGISTER 2-20
2024-03-03 14:27:18,879 INFO o.a.j.t.JMeterThread: Thread finished: Thread Group - USER - RESGISTER 2-20
2024-03-03 14:27:19,206 INFO o.a.j.t.JMeterThread: Thread started: Thread Group - USER - RESGISTER 2-21
2024-03-03 14:27:19,214 INFO o.a.j.t.JMeterThread: Thread is done: Thread Group - USER - RESGISTER 2-21
2024-03-03 14:27:19,214 INFO o.a.j.t.JMeterThread: Thread finished: Thread Group - USER - RESGISTER 2-21
2024-03-03 14:27:19,539 INFO o.a.j.t.JMeterThread: Thread started: Thread Group - USER - RESGISTER 2-22
2024-03-03 14:27:19,545 INFO o.a.j.t.JMeterThread: Thread is done: Thread Group - USER - RESGISTER 2-22
2024-03-03 14:27:19,545 INFO o.a.j.t.JMeterThread: Thread finished: Thread Group - USER - RESGISTER 2-22
2024-03-03 14:27:19,873 INFO o.a.j.t.JMeterThread: Thread started: Thread Group - USER - RESGISTER 2-23
2024-03-03 14:27:19,885 INFO o.a.j.t.JMeterThread: Thread is done: Thread Group - USER - RESGISTER 2-23
2024-03-03 14:27:19,885 INFO o.a.j.t.JMeterThread: Thread finished: Thread Group - USER - RESGISTER 2-23
2024-03-03 14:27:20,205 INFO o.a.j.t.JMeterThread: Thread started: Thread Group - USER - RESGISTER 2-24
2024-03-03 14:27:20,212 INFO o.a.j.t.JMeterThread: Thread is done: Thread Group - USER - RESGISTER 2-24
2024-03-03 14:27:20,213 INFO o.a.j.t.JMeterThread: Thread finished: Thread Group - USER - RESGISTER 2-24
2024-03-03 14:27:20,540 INFO o.a.j.t.JMeterThread: Thread started: Thread Group - USER - RESGISTER 2-25
2024-03-03 14:27:20,545 INFO o.a.j.t.JMeterThread: Thread is done: Thread Group - USER - RESGISTER 2-25
2024-03-03 14:27:20,545 INFO o.a.j.t.JMeterThread: Thread finished: Thread Group - USER - RESGISTER 2-25
2024-03-03 14:27:20,872 INFO o.a.j.t.JMeterThread: Thread started: Thread Group - USER - RESGISTER 2-26
2024-03-03 14:27:20,877 INFO o.a.j.t.JMeterThread: Thread is done: Thread Group - USER - RESGISTER 2-26
2024-03-03 14:27:20,877 INFO o.a.j.t.JMeterThread: Thread finished: Thread Group - USER - RESGISTER 2-26
2024-03-03 14:27:21,205 INFO o.a.j.t.JMeterThread: Thread started: Thread Group - USER - RESGISTER 2-27
2024-03-03 14:27:21,212 INFO o.a.j.t.JMeterThread: Thread is done: Thread Group - USER - RESGISTER 2-27
2024-03-03 14:27:21,212 INFO o.a.j.t.JMeterThread: Thread finished: Thread Group - USER - RESGISTER 2-27
2024-03-03 14:27:21,538 INFO o.a.j.t.JMeterThread: Thread started: Thread Group - USER - RESGISTER 2-28
2024-03-03 14:27:21,545 INFO o.a.j.t.JMeterThread: Thread is done: Thread Group - USER - RESGISTER 2-28
2024-03-03 14:27:21,545 INFO o.a.j.t.JMeterThread: Thread finished: Thread Group - USER - RESGISTER 2-28
2024-03-03 14:27:21,871 INFO o.a.j.t.JMeterThread: Thread started: Thread Group - USER - RESGISTER 2-29
2024-03-03 14:27:21,878 INFO o.a.j.t.JMeterThread: Thread is done: Thread Group - USER - RESGISTER 2-29
2024-03-03 14:27:21,878 INFO o.a.j.t.JMeterThread: Thread finished: Thread Group - USER - RESGISTER 2-29
2024-03-03 14:27:22,204 INFO o.a.j.t.JMeterThread: Thread started: Thread Group - USER - RESGISTER 2-30
2024-03-03 14:27:22,210 INFO o.a.j.t.JMeterThread: Thread is done: Thread Group - USER - RESGISTER 2-30
2024-03-03 14:27:22,210 INFO o.a.j.t.JMeterThread: Thread finished: Thread Group - USER - RESGISTER 2-30
2024-03-03 14:27:22,211 INFO o.a.j.e.StandardJMeterEngine: Notifying test listeners of end of test
2024-03-03 14:27:22,211 INFO o.a.j.s.FileServer: Close: C:/Users/ADMIN/Downloads/jmeter_user_registration - Sheet1.csv
2024-03-03 14:27:22,211 INFO o.a.j.g.u.JMeterMenuBar: setRunning(false, *local*)
2024-03-03 14:29:04,887 INFO o.a.j.e.StandardJMeterEngine: Running the test!
2024-03-03 14:29:04,887 INFO o.a.j.s.SampleEvent: List of sample_variables: []
2024-03-03 14:29:04,888 INFO o.a.j.g.u.JMeterMenuBar: setRunning(true, *local*)
2024-03-03 14:29:04,933 INFO o.a.j.e.StandardJMeterEngine: Starting ThreadGroup: 1 : Thread Group For POST
2024-03-03 14:29:04,933 INFO o.a.j.e.StandardJMeterEngine: Starting 1 threads for group Thread Group For POST.
2024-03-03 14:29:04,934 INFO o.a.j.e.StandardJMeterEngine: Thread will continue on error
2024-03-03 14:29:04,934 INFO o.a.j.t.ThreadGroup: Starting thread group... number=1 threads=1 ramp-up=1 delayedStart=false
2024-03-03 14:29:04,934 INFO o.a.j.t.ThreadGroup: Started thread group number 1
2024-03-03 14:29:04,934 INFO o.a.j.e.StandardJMeterEngine: Starting ThreadGroup: 2 : Thread Group - USER - RESGISTER
2024-03-03 14:29:04,934 INFO o.a.j.e.StandardJMeterEngine: Starting 30 threads for group Thread Group - USER - RESGISTER.
2024-03-03 14:29:04,934 INFO o.a.j.e.StandardJMeterEngine: Thread will continue on error
2024-03-03 14:29:04,934 INFO o.a.j.t.ThreadGroup: Starting thread group... number=2 threads=30 ramp-up=10 delayedStart=false
2024-03-03 14:29:04,935 INFO o.a.j.t.JMeterThread: Thread started: Thread Group For POST 1-1
2024-03-03 14:29:04,935 INFO o.a.j.t.JMeterThread: Thread started: Thread Group - USER - RESGISTER 2-1
2024-03-03 14:29:04,936 INFO o.a.j.s.FileServer: Stored: C:/Users/ADMIN/Downloads/jmeter_user_registration - Sheet1.csv
2024-03-03 14:29:04,946 INFO o.a.j.t.ThreadGroup: Started thread group number 2
2024-03-03 14:29:04,946 INFO o.a.j.e.StandardJMeterEngine: All thread groups have been started
2024-03-03 14:29:04,947 INFO o.a.j.t.JMeterThread: Thread is done: Thread Group - USER - RESGISTER 2-1
2024-03-03 14:29:04,947 INFO o.a.j.t.JMeterThread: Thread finished: Thread Group - USER - RESGISTER 2-1
2024-03-03 14:29:04,980 INFO o.a.j.t.JMeterThread: Thread is done: Thread Group For POST 1-1
2024-03-03 14:29:04,981 INFO o.a.j.t.JMeterThread: Thread finished: Thread Group For POST 1-1
2024-03-03 14:29:05,267 INFO o.a.j.t.JMeterThread: Thread started: Thread Group - USER - RESGISTER 2-2
2024-03-03 14:29:05,275 INFO o.a.j.t.JMeterThread: Thread is done: Thread Group - USER - RESGISTER 2-2
2024-03-03 14:29:05,275 INFO o.a.j.t.JMeterThread: Thread finished: Thread Group - USER - RESGISTER 2-2
2024-03-03 14:29:05,601 INFO o.a.j.t.JMeterThread: Thread started: Thread Group - USER - RESGISTER 2-3
2024-03-03 14:29:05,606 INFO o.a.j.t.JMeterThread: Thread is done: Thread Group - USER - RESGISTER 2-3
2024-03-03 14:29:05,606 INFO o.a.j.t.JMeterThread: Thread finished: Thread Group - USER - RESGISTER 2-3
2024-03-03 14:29:05,934 INFO o.a.j.t.JMeterThread: Thread started: Thread Group - USER - RESGISTER 2-4
2024-03-03 14:29:05,938 INFO o.a.j.t.JMeterThread: Thread is done: Thread Group - USER - RESGISTER 2-4
2024-03-03 14:29:05,938 INFO o.a.j.t.JMeterThread: Thread finished: Thread Group - USER - RESGISTER 2-4
2024-03-03 14:29:06,266 INFO o.a.j.t.JMeterThread: Thread started: Thread Group - USER - RESGISTER 2-5
2024-03-03 14:29:06,270 INFO o.a.j.t.JMeterThread: Thread is done: Thread Group - USER - RESGISTER 2-5
2024-03-03 14:29:06,270 INFO o.a.j.t.JMeterThread: Thread finished: Thread Group - USER - RESGISTER 2-5
2024-03-03 14:29:06,601 INFO o.a.j.t.JMeterThread: Thread started: Thread Group - USER - RESGISTER 2-6
2024-03-03 14:29:06,603 INFO o.a.j.t.JMeterThread: Thread is done: Thread Group - USER - RESGISTER 2-6
2024-03-03 14:29:06,603 INFO o.a.j.t.JMeterThread: Thread finished: Thread Group - USER - RESGISTER 2-6
2024-03-03 14:29:06,932 INFO o.a.j.t.JMeterThread: Thread started: Thread Group - USER - RESGISTER 2-7
2024-03-03 14:29:06,936 INFO o.a.j.t.JMeterThread: Thread is done: Thread Group - USER - RESGISTER 2-7
2024-03-03 14:29:06,936 INFO o.a.j.t.JMeterThread: Thread finished: Thread Group - USER - RESGISTER 2-7
2024-03-03 14:29:07,267 INFO o.a.j.t.JMeterThread: Thread started: Thread Group - USER - RESGISTER 2-8
2024-03-03 14:29:07,271 INFO o.a.j.t.JMeterThread: Thread is done: Thread Group - USER - RESGISTER 2-8
2024-03-03 14:29:07,271 INFO o.a.j.t.JMeterThread: Thread finished: Thread Group - USER - RESGISTER 2-8
2024-03-03 14:29:07,600 INFO o.a.j.t.JMeterThread: Thread started: Thread Group - USER - RESGISTER 2-9
2024-03-03 14:29:07,606 INFO o.a.j.t.JMeterThread: Thread is done: Thread Group - USER - RESGISTER 2-9
2024-03-03 14:29:07,606 INFO o.a.j.t.JMeterThread: Thread finished: Thread Group - USER - RESGISTER 2-9
2024-03-03 14:29:07,933 INFO o.a.j.t.JMeterThread: Thread started: Thread Group - USER - RESGISTER 2-10
2024-03-03 14:29:07,936 INFO o.a.j.t.JMeterThread: Thread is done: Thread Group - USER - RESGISTER 2-10
2024-03-03 14:29:07,936 INFO o.a.j.t.JMeterThread: Thread finished: Thread Group - USER - RESGISTER 2-10
2024-03-03 14:29:08,264 INFO o.a.j.t.JMeterThread: Thread started: Thread Group - USER - RESGISTER 2-11
2024-03-03 14:29:08,269 INFO o.a.j.t.JMeterThread: Thread is done: Thread Group - USER - RESGISTER 2-11
2024-03-03 14:29:08,269 INFO o.a.j.t.JMeterThread: Thread finished: Thread Group - USER - RESGISTER 2-11
2024-03-03 14:29:08,598 INFO o.a.j.t.JMeterThread: Thread started: Thread Group - USER - RESGISTER 2-12
2024-03-03 14:29:08,606 INFO o.a.j.t.JMeterThread: Thread is done: Thread Group - USER - RESGISTER 2-12
2024-03-03 14:29:08,606 INFO o.a.j.t.JMeterThread: Thread finished: Thread Group - USER - RESGISTER 2-12
2024-03-03 14:29:08,931 INFO o.a.j.t.JMeterThread: Thread started: Thread Group - USER - RESGISTER 2-13
2024-03-03 14:29:08,934 INFO o.a.j.t.JMeterThread: Thread is done: Thread Group - USER - RESGISTER 2-13
2024-03-03 14:29:08,935 INFO o.a.j.t.JMeterThread: Thread finished: Thread Group - USER - RESGISTER 2-13
2024-03-03 14:29:09,265 INFO o.a.j.t.JMeterThread: Thread started: Thread Group - USER - RESGISTER 2-14
2024-03-03 14:29:09,268 INFO o.a.j.t.JMeterThread: Thread is done: Thread Group - USER - RESGISTER 2-14
2024-03-03 14:29:09,268 INFO o.a.j.t.JMeterThread: Thread finished: Thread Group - USER - RESGISTER 2-14
2024-03-03 14:29:09,597 INFO o.a.j.t.JMeterThread: Thread started: Thread Group - USER - RESGISTER 2-15
2024-03-03 14:29:09,601 INFO o.a.j.t.JMeterThread: Thread is done: Thread Group - USER - RESGISTER 2-15
2024-03-03 14:29:09,601 INFO o.a.j.t.JMeterThread: Thread finished: Thread Group - USER - RESGISTER 2-15
2024-03-03 14:29:09,932 INFO o.a.j.t.JMeterThread: Thread started: Thread Group - USER - RESGISTER 2-16
2024-03-03 14:29:09,936 INFO o.a.j.t.JMeterThread: Thread is done: Thread Group - USER - RESGISTER 2-16
2024-03-03 14:29:09,936 INFO o.a.j.t.JMeterThread: Thread finished: Thread Group - USER - RESGISTER 2-16
2024-03-03 14:29:10,264 INFO o.a.j.t.JMeterThread: Thread started: Thread Group - USER - RESGISTER 2-17
2024-03-03 14:29:10,270 INFO o.a.j.t.JMeterThread: Thread is done: Thread Group - USER - RESGISTER 2-17
2024-03-03 14:29:10,270 INFO o.a.j.t.JMeterThread: Thread finished: Thread Group - USER - RESGISTER 2-17
2024-03-03 14:29:10,598 INFO o.a.j.t.JMeterThread: Thread started: Thread Group - USER - RESGISTER 2-18
2024-03-03 14:29:10,602 INFO o.a.j.t.JMeterThread: Thread is done: Thread Group - USER - RESGISTER 2-18
2024-03-03 14:29:10,602 INFO o.a.j.t.JMeterThread: Thread finished: Thread Group - USER - RESGISTER 2-18
2024-03-03 14:29:10,930 INFO o.a.j.t.JMeterThread: Thread started: Thread Group - USER - RESGISTER 2-19
2024-03-03 14:29:10,934 INFO o.a.j.t.JMeterThread: Thread is done: Thread Group - USER - RESGISTER 2-19
2024-03-03 14:29:10,934 INFO o.a.j.t.JMeterThread: Thread finished: Thread Group - USER - RESGISTER 2-19
2024-03-03 14:29:11,262 INFO o.a.j.t.JMeterThread: Thread started: Thread Group - USER - RESGISTER 2-20
2024-03-03 14:29:11,270 INFO o.a.j.t.JMeterThread: Thread is done: Thread Group - USER - RESGISTER 2-20
2024-03-03 14:29:11,270 INFO o.a.j.t.JMeterThread: Thread finished: Thread Group - USER - RESGISTER 2-20
2024-03-03 14:29:11,594 INFO o.a.j.t.JMeterThread: Thread started: Thread Group - USER - RESGISTER 2-21
2024-03-03 14:29:11,602 INFO o.a.j.t.JMeterThread: Thread is done: Thread Group - USER - RESGISTER 2-21
2024-03-03 14:29:11,603 INFO o.a.j.t.JMeterThread: Thread finished: Thread Group - USER - RESGISTER 2-21
2024-03-03 14:29:11,928 INFO o.a.j.t.JMeterThread: Thread started: Thread Group - USER - RESGISTER 2-22
2024-03-03 14:29:11,931 INFO o.a.j.t.JMeterThread: Thread is done: Thread Group - USER - RESGISTER 2-22
2024-03-03 14:29:11,931 INFO o.a.j.t.JMeterThread: Thread finished: Thread Group - USER - RESGISTER 2-22
2024-03-03 14:29:12,262 INFO o.a.j.t.JMeterThread: Thread started: Thread Group - USER - RESGISTER 2-23
2024-03-03 14:29:12,267 INFO o.a.j.t.JMeterThread: Thread is done: Thread Group - USER - RESGISTER 2-23
2024-03-03 14:29:12,267 INFO o.a.j.t.JMeterThread: Thread finished: Thread Group - USER - RESGISTER 2-23
2024-03-03 14:29:12,595 INFO o.a.j.t.JMeterThread: Thread started: Thread Group - USER - RESGISTER 2-24
2024-03-03 14:29:12,599 INFO o.a.j.t.JMeterThread: Thread is done: Thread Group - USER - RESGISTER 2-24
2024-03-03 14:29:12,599 INFO o.a.j.t.JMeterThread: Thread finished: Thread Group - USER - RESGISTER 2-24
2024-03-03 14:29:12,927 INFO o.a.j.t.JMeterThread: Thread started: Thread Group - USER - RESGISTER 2-25
2024-03-03 14:29:12,930 INFO o.a.j.t.JMeterThread: Thread is done: Thread Group - USER - RESGISTER 2-25
2024-03-03 14:29:12,930 INFO o.a.j.t.JMeterThread: Thread finished: Thread Group - USER - RESGISTER 2-25
2024-03-03 14:29:13,260 INFO o.a.j.t.JMeterThread: Thread started: Thread Group - USER - RESGISTER 2-26
2024-03-03 14:29:13,263 INFO o.a.j.t.JMeterThread: Thread is done: Thread Group - USER - RESGISTER 2-26
2024-03-03 14:29:13,263 INFO o.a.j.t.JMeterThread: Thread finished: Thread Group - USER - RESGISTER 2-26
2024-03-03 14:29:13,594 INFO o.a.j.t.JMeterThread: Thread started: Thread Group - USER - RESGISTER 2-27
2024-03-03 14:29:13,596 INFO o.a.j.t.JMeterThread: Thread is done: Thread Group - USER - RESGISTER 2-27
2024-03-03 14:29:13,596 INFO o.a.j.t.JMeterThread: Thread finished: Thread Group - USER - RESGISTER 2-27
2024-03-03 14:29:13,926 INFO o.a.j.t.JMeterThread: Thread started: Thread Group - USER - RESGISTER 2-28
2024-03-03 14:29:13,930 INFO o.a.j.t.JMeterThread: Thread is done: Thread Group - USER - RESGISTER 2-28
2024-03-03 14:29:13,930 INFO o.a.j.t.JMeterThread: Thread finished: Thread Group - USER - RESGISTER 2-28
2024-03-03 14:29:14,259 INFO o.a.j.t.JMeterThread: Thread started: Thread Group - USER - RESGISTER 2-29
2024-03-03 14:29:14,263 INFO o.a.j.t.JMeterThread: Thread is done: Thread Group - USER - RESGISTER 2-29
2024-03-03 14:29:14,264 INFO o.a.j.t.JMeterThread: Thread finished: Thread Group - USER - RESGISTER 2-29
2024-03-03 14:29:14,593 INFO o.a.j.t.JMeterThread: Thread started: Thread Group - USER - RESGISTER 2-30
2024-03-03 14:29:14,597 INFO o.a.j.t.JMeterThread: Thread is done: Thread Group - USER - RESGISTER 2-30
2024-03-03 14:29:14,597 INFO o.a.j.t.JMeterThread: Thread finished: Thread Group - USER - RESGISTER 2-30
2024-03-03 14:29:14,597 INFO o.a.j.e.StandardJMeterEngine: Notifying test listeners of end of test
2024-03-03 14:29:14,597 INFO o.a.j.s.FileServer: Close: C:/Users/ADMIN/Downloads/jmeter_user_registration - Sheet1.csv
2024-03-03 14:29:14,599 INFO o.a.j.g.u.JMeterMenuBar: setRunning(false, *local*)
2024-03-03 14:30:09,021 INFO o.a.j.e.StandardJMeterEngine: Running the test!
2024-03-03 14:30:09,022 INFO o.a.j.s.SampleEvent: List of sample_variables: []
2024-03-03 14:30:09,022 INFO o.a.j.g.u.JMeterMenuBar: setRunning(true, *local*)
2024-03-03 14:30:09,060 INFO o.a.j.e.StandardJMeterEngine: Starting ThreadGroup: 1 : Thread Group For POST
2024-03-03 14:30:09,061 INFO o.a.j.e.StandardJMeterEngine: Starting 1 threads for group Thread Group For POST.
2024-03-03 14:30:09,061 INFO o.a.j.e.StandardJMeterEngine: Thread will continue on error
2024-03-03 14:30:09,061 INFO o.a.j.t.ThreadGroup: Starting thread group... number=1 threads=1 ramp-up=1 delayedStart=false
2024-03-03 14:30:09,061 INFO o.a.j.t.ThreadGroup: Started thread group number 1
2024-03-03 14:30:09,061 INFO o.a.j.e.StandardJMeterEngine: Starting ThreadGroup: 2 : Thread Group - USER - RESGISTER
2024-03-03 14:30:09,061 INFO o.a.j.e.StandardJMeterEngine: Starting 30 threads for group Thread Group - USER - RESGISTER.
2024-03-03 14:30:09,061 INFO o.a.j.e.StandardJMeterEngine: Thread will continue on error
2024-03-03 14:30:09,061 INFO o.a.j.t.ThreadGroup: Starting thread group... number=2 threads=30 ramp-up=10 delayedStart=false
2024-03-03 14:30:09,061 INFO o.a.j.t.JMeterThread: Thread started: Thread Group For POST 1-1
2024-03-03 14:30:09,062 INFO o.a.j.t.JMeterThread: Thread started: Thread Group - USER - RESGISTER 2-1
2024-03-03 14:30:09,062 INFO o.a.j.s.FileServer: Stored: C:/Users/ADMIN/Downloads/jmeter_user_registration - Sheet1.csv
2024-03-03 14:30:09,069 INFO o.a.j.t.ThreadGroup: Started thread group number 2
2024-03-03 14:30:09,069 INFO o.a.j.e.StandardJMeterEngine: All thread groups have been started
2024-03-03 14:30:09,070 INFO o.a.j.t.JMeterThread: Thread is done: Thread Group - USER - RESGISTER 2-1
2024-03-03 14:30:09,071 INFO o.a.j.t.JMeterThread: Thread finished: Thread Group - USER - RESGISTER 2-1
2024-03-03 14:30:09,105 INFO o.a.j.t.JMeterThread: Thread is done: Thread Group For POST 1-1
2024-03-03 14:30:09,105 INFO o.a.j.t.JMeterThread: Thread finished: Thread Group For POST 1-1
2024-03-03 14:30:09,395 INFO o.a.j.t.JMeterThread: Thread started: Thread Group - USER - RESGISTER 2-2
2024-03-03 14:30:09,399 INFO o.a.j.t.JMeterThread: Thread is done: Thread Group - USER - RESGISTER 2-2
2024-03-03 14:30:09,399 INFO o.a.j.t.JMeterThread: Thread finished: Thread Group - USER - RESGISTER 2-2
2024-03-03 14:30:09,728 INFO o.a.j.t.JMeterThread: Thread started: Thread Group - USER - RESGISTER 2-3
2024-03-03 14:30:09,732 INFO o.a.j.t.JMeterThread: Thread is done: Thread Group - USER - RESGISTER 2-3
2024-03-03 14:30:09,733 INFO o.a.j.t.JMeterThread: Thread finished: Thread Group - USER - RESGISTER 2-3
2024-03-03 14:30:10,063 INFO o.a.j.t.JMeterThread: Thread started: Thread Group - USER - RESGISTER 2-4
2024-03-03 14:30:10,066 INFO o.a.j.t.JMeterThread: Thread is done: Thread Group - USER - RESGISTER 2-4
2024-03-03 14:30:10,066 INFO o.a.j.t.JMeterThread: Thread finished: Thread Group - USER - RESGISTER 2-4
2024-03-03 14:30:10,393 INFO o.a.j.t.JMeterThread: Thread started: Thread Group - USER - RESGISTER 2-5
2024-03-03 14:30:10,399 INFO o.a.j.t.JMeterThread: Thread is done: Thread Group - USER - RESGISTER 2-5
2024-03-03 14:30:10,400 INFO o.a.j.t.JMeterThread: Thread finished: Thread Group - USER - RESGISTER 2-5
2024-03-03 14:30:10,728 INFO o.a.j.t.JMeterThread: Thread started: Thread Group - USER - RESGISTER 2-6
2024-03-03 14:30:10,732 INFO o.a.j.t.JMeterThread: Thread is done: Thread Group - USER - RESGISTER 2-6
2024-03-03 14:30:10,732 INFO o.a.j.t.JMeterThread: Thread finished: Thread Group - USER - RESGISTER 2-6
2024-03-03 14:30:11,060 INFO o.a.j.t.JMeterThread: Thread started: Thread Group - USER - RESGISTER 2-7
2024-03-03 14:30:11,066 INFO o.a.j.t.JMeterThread: Thread is done: Thread Group - USER - RESGISTER 2-7
2024-03-03 14:30:11,067 INFO o.a.j.t.JMeterThread: Thread finished: Thread Group - USER - RESGISTER 2-7
2024-03-03 14:30:11,392 INFO o.a.j.t.JMeterThread: Thread started: Thread Group - USER - RESGISTER 2-8
2024-03-03 14:30:11,397 INFO o.a.j.t.JMeterThread: Thread is done: Thread Group - USER - RESGISTER 2-8
2024-03-03 14:30:11,397 INFO o.a.j.t.JMeterThread: Thread finished: Thread Group - USER - RESGISTER 2-8
2024-03-03 14:30:11,726 INFO o.a.j.t.JMeterThread: Thread started: Thread Group - USER - RESGISTER 2-9
2024-03-03 14:30:11,729 INFO o.a.j.t.JMeterThread: Thread is done: Thread Group - USER - RESGISTER 2-9
2024-03-03 14:30:11,730 INFO o.a.j.t.JMeterThread: Thread finished: Thread Group - USER - RESGISTER 2-9
2024-03-03 14:30:12,059 INFO o.a.j.t.JMeterThread: Thread started: Thread Group - USER - RESGISTER 2-10
2024-03-03 14:30:12,064 INFO o.a.j.t.JMeterThread: Thread is done: Thread Group - USER - RESGISTER 2-10
2024-03-03 14:30:12,064 INFO o.a.j.t.JMeterThread: Thread finished: Thread Group - USER - RESGISTER 2-10
2024-03-03 14:30:12,394 INFO o.a.j.t.JMeterThread: Thread started: Thread Group - USER - RESGISTER 2-11
2024-03-03 14:30:12,398 INFO o.a.j.t.JMeterThread: Thread is done: Thread Group - USER - RESGISTER 2-11
2024-03-03 14:30:12,398 INFO o.a.j.t.JMeterThread: Thread finished: Thread Group - USER - RESGISTER 2-11
2024-03-03 14:30:12,727 INFO o.a.j.t.JMeterThread: Thread started: Thread Group - USER - RESGISTER 2-12
2024-03-03 14:30:12,729 INFO o.a.j.t.JMeterThread: Thread is done: Thread Group - USER - RESGISTER 2-12
2024-03-03 14:30:12,729 INFO o.a.j.t.JMeterThread: Thread finished: Thread Group - USER - RESGISTER 2-12
2024-03-03 14:30:13,058 INFO o.a.j.t.JMeterThread: Thread started: Thread Group - USER - RESGISTER 2-13
2024-03-03 14:30:13,063 INFO o.a.j.t.JMeterThread: Thread is done: Thread Group - USER - RESGISTER 2-13
2024-03-03 14:30:13,063 INFO o.a.j.t.JMeterThread: Thread finished: Thread Group - USER - RESGISTER 2-13
2024-03-03 14:30:13,391 INFO o.a.j.t.JMeterThread: Thread started: Thread Group - USER - RESGISTER 2-14
2024-03-03 14:30:13,395 INFO o.a.j.t.JMeterThread: Thread is done: Thread Group - USER - RESGISTER 2-14
2024-03-03 14:30:13,395 INFO o.a.j.t.JMeterThread: Thread finished: Thread Group - USER - RESGISTER 2-14
2024-03-03 14:30:13,724 INFO o.a.j.t.JMeterThread: Thread started: Thread Group - USER - RESGISTER 2-15
2024-03-03 14:30:13,728 INFO o.a.j.t.JMeterThread: Thread is done: Thread Group - USER - RESGISTER 2-15
2024-03-03 14:30:13,728 INFO o.a.j.t.JMeterThread: Thread finished: Thread Group - USER - RESGISTER 2-15
2024-03-03 14:30:14,058 INFO o.a.j.t.JMeterThread: Thread started: Thread Group - USER - RESGISTER 2-16
2024-03-03 14:30:14,063 INFO o.a.j.t.JMeterThread: Thread is done: Thread Group - USER - RESGISTER 2-16
2024-03-03 14:30:14,063 INFO o.a.j.t.JMeterThread: Thread finished: Thread Group - USER - RESGISTER 2-16
2024-03-03 14:30:14,392 INFO o.a.j.t.JMeterThread: Thread started: Thread Group - USER - RESGISTER 2-17
2024-03-03 14:30:14,395 INFO o.a.j.t.JMeterThread: Thread is done: Thread Group - USER - RESGISTER 2-17
2024-03-03 14:30:14,396 INFO o.a.j.t.JMeterThread: Thread finished: Thread Group - USER - RESGISTER 2-17
2024-03-03 14:30:14,722 INFO o.a.j.t.JMeterThread: Thread started: Thread Group - USER - RESGISTER 2-18
2024-03-03 14:30:14,725 INFO o.a.j.t.JMeterThread: Thread is done: Thread Group - USER - RESGISTER 2-18
2024-03-03 14:30:14,725 INFO o.a.j.t.JMeterThread: Thread finished: Thread Group - USER - RESGISTER 2-18
2024-03-03 14:30:15,056 INFO o.a.j.t.JMeterThread: Thread started: Thread Group - USER - RESGISTER 2-19
2024-03-03 14:30:15,059 INFO o.a.j.t.JMeterThread: Thread is done: Thread Group - USER - RESGISTER 2-19
2024-03-03 14:30:15,059 INFO o.a.j.t.JMeterThread: Thread finished: Thread Group - USER - RESGISTER 2-19
2024-03-03 14:30:15,389 INFO o.a.j.t.JMeterThread: Thread started: Thread Group - USER - RESGISTER 2-20
2024-03-03 14:30:15,395 INFO o.a.j.t.JMeterThread: Thread is done: Thread Group - USER - RESGISTER 2-20
2024-03-03 14:30:15,395 INFO o.a.j.t.JMeterThread: Thread finished: Thread Group - USER - RESGISTER 2-20
2024-03-03 14:30:15,722 INFO o.a.j.t.JMeterThread: Thread started: Thread Group - USER - RESGISTER 2-21
2024-03-03 14:30:15,726 INFO o.a.j.t.JMeterThread: Thread is done: Thread Group - USER - RESGISTER 2-21
2024-03-03 14:30:15,726 INFO o.a.j.t.JMeterThread: Thread finished: Thread Group - USER - RESGISTER 2-21
2024-03-03 14:30:16,057 INFO o.a.j.t.JMeterThread: Thread started: Thread Group - USER - RESGISTER 2-22
2024-03-03 14:30:16,061 INFO o.a.j.t.JMeterThread: Thread is done: Thread Group - USER - RESGISTER 2-22
2024-03-03 14:30:16,061 INFO o.a.j.t.JMeterThread: Thread finished: Thread Group - USER - RESGISTER 2-22
2024-03-03 14:30:16,389 INFO o.a.j.t.JMeterThread: Thread started: Thread Group - USER - RESGISTER 2-23
2024-03-03 14:30:16,394 INFO o.a.j.t.JMeterThread: Thread is done: Thread Group - USER - RESGISTER 2-23
2024-03-03 14:30:16,394 INFO o.a.j.t.JMeterThread: Thread finished: Thread Group - USER - RESGISTER 2-23
2024-03-03 14:30:16,723 INFO o.a.j.t.JMeterThread: Thread started: Thread Group - USER - RESGISTER 2-24
2024-03-03 14:30:16,727 INFO o.a.j.t.JMeterThread: Thread is done: Thread Group - USER - RESGISTER 2-24
2024-03-03 14:30:16,727 INFO o.a.j.t.JMeterThread: Thread finished: Thread Group - USER - RESGISTER 2-24
2024-03-03 14:30:17,054 INFO o.a.j.t.JMeterThread: Thread started: Thread Group - USER - RESGISTER 2-25
2024-03-03 14:30:17,057 INFO o.a.j.t.JMeterThread: Thread is done: Thread Group - USER - RESGISTER 2-25
2024-03-03 14:30:17,057 INFO o.a.j.t.JMeterThread: Thread finished: Thread Group - USER - RESGISTER 2-25
2024-03-03 14:30:17,387 INFO o.a.j.t.JMeterThread: Thread started: Thread Group - USER - RESGISTER 2-26
2024-03-03 14:30:17,394 INFO o.a.j.t.JMeterThread: Thread is done: Thread Group - USER - RESGISTER 2-26
2024-03-03 14:30:17,394 INFO o.a.j.t.JMeterThread: Thread finished: Thread Group - USER - RESGISTER 2-26
2024-03-03 14:30:17,720 INFO o.a.j.t.JMeterThread: Thread started: Thread Group - USER - RESGISTER 2-27
2024-03-03 14:30:17,723 INFO o.a.j.t.JMeterThread: Thread is done: Thread Group - USER - RESGISTER 2-27
2024-03-03 14:30:17,723 INFO o.a.j.t.JMeterThread: Thread finished: Thread Group - USER - RESGISTER 2-27
2024-03-03 14:30:18,060 INFO o.a.j.t.JMeterThread: Thread started: Thread Group - USER - RESGISTER 2-28
2024-03-03 14:30:18,064 INFO o.a.j.t.JMeterThread: Thread is done: Thread Group - USER - RESGISTER 2-28
2024-03-03 14:30:18,065 INFO o.a.j.t.JMeterThread: Thread finished: Thread Group - USER - RESGISTER 2-28
2024-03-03 14:30:18,401 INFO o.a.j.t.JMeterThread: Thread started: Thread Group - USER - RESGISTER 2-29
2024-03-03 14:30:18,404 INFO o.a.j.t.JMeterThread: Thread is done: Thread Group - USER - RESGISTER 2-29
2024-03-03 14:30:18,404 INFO o.a.j.t.JMeterThread: Thread finished: Thread Group - USER - RESGISTER 2-29
2024-03-03 14:30:18,719 INFO o.a.j.t.JMeterThread: Thread started: Thread Group - USER - RESGISTER 2-30
2024-03-03 14:30:18,726 INFO o.a.j.t.JMeterThread: Thread is done: Thread Group - USER - RESGISTER 2-30
2024-03-03 14:30:18,726 INFO o.a.j.t.JMeterThread: Thread finished: Thread Group - USER - RESGISTER 2-30
2024-03-03 14:30:18,727 INFO o.a.j.e.StandardJMeterEngine: Notifying test listeners of end of test
2024-03-03 14:30:18,727 INFO o.a.j.s.FileServer: Close: C:/Users/ADMIN/Downloads/jmeter_user_registration - Sheet1.csv
2024-03-03 14:30:18,727 INFO o.a.j.g.u.JMeterMenuBar: setRunning(false, *local*)
2024-03-03 14:32:24,845 INFO o.a.j.e.StandardJMeterEngine: Running the test!
2024-03-03 14:32:24,845 INFO o.a.j.s.SampleEvent: List of sample_variables: []
2024-03-03 14:32:24,845 INFO o.a.j.g.u.JMeterMenuBar: setRunning(true, *local*)
2024-03-03 14:32:24,887 INFO o.a.j.e.StandardJMeterEngine: Starting ThreadGroup: 1 : Thread Group For POST
2024-03-03 14:32:24,887 INFO o.a.j.e.StandardJMeterEngine: Starting 1 threads for group Thread Group For POST.
2024-03-03 14:32:24,888 INFO o.a.j.e.StandardJMeterEngine: Thread will continue on error
2024-03-03 14:32:24,888 INFO o.a.j.t.ThreadGroup: Starting thread group... number=1 threads=1 ramp-up=1 delayedStart=false
2024-03-03 14:32:24,888 INFO o.a.j.t.ThreadGroup: Started thread group number 1
2024-03-03 14:32:24,888 INFO o.a.j.e.StandardJMeterEngine: Starting ThreadGroup: 2 : Thread Group - USER - RESGISTER
2024-03-03 14:32:24,888 INFO o.a.j.e.StandardJMeterEngine: Starting 30 threads for group Thread Group - USER - RESGISTER.
2024-03-03 14:32:24,888 INFO o.a.j.e.StandardJMeterEngine: Thread will continue on error
2024-03-03 14:32:24,889 INFO o.a.j.t.ThreadGroup: Starting thread group... number=2 threads=30 ramp-up=10 delayedStart=false
2024-03-03 14:32:24,889 INFO o.a.j.t.JMeterThread: Thread started: Thread Group For POST 1-1
2024-03-03 14:32:24,889 INFO o.a.j.t.JMeterThread: Thread started: Thread Group - USER - RESGISTER 2-1
2024-03-03 14:32:24,890 INFO o.a.j.s.FileServer: Stored: C:/Users/ADMIN/Downloads/jmeter_user_registration - Sheet1.csv
2024-03-03 14:32:24,896 INFO o.a.j.t.ThreadGroup: Started thread group number 2
2024-03-03 14:32:24,897 INFO o.a.j.e.StandardJMeterEngine: All thread groups have been started
2024-03-03 14:32:24,901 INFO o.a.j.t.JMeterThread: Thread is done: Thread Group - USER - RESGISTER 2-1
2024-03-03 14:32:24,901 INFO o.a.j.t.JMeterThread: Thread finished: Thread Group - USER - RESGISTER 2-1
2024-03-03 14:32:24,935 INFO o.a.j.t.JMeterThread: Thread is done: Thread Group For POST 1-1
2024-03-03 14:32:24,935 INFO o.a.j.t.JMeterThread: Thread finished: Thread Group For POST 1-1
2024-03-03 14:32:25,224 INFO o.a.j.t.JMeterThread: Thread started: Thread Group - USER - RESGISTER 2-2
2024-03-03 14:32:25,229 INFO o.a.j.t.JMeterThread: Thread is done: Thread Group - USER - RESGISTER 2-2
2024-03-03 14:32:25,229 INFO o.a.j.t.JMeterThread: Thread finished: Thread Group - USER - RESGISTER 2-2
2024-03-03 14:32:25,556 INFO o.a.j.t.JMeterThread: Thread started: Thread Group - USER - RESGISTER 2-3
2024-03-03 14:32:25,558 INFO o.a.j.t.JMeterThread: Thread is done: Thread Group - USER - RESGISTER 2-3
2024-03-03 14:32:25,559 INFO o.a.j.t.JMeterThread: Thread finished: Thread Group - USER - RESGISTER 2-3
2024-03-03 14:32:25,889 INFO o.a.j.t.JMeterThread: Thread started: Thread Group - USER - RESGISTER 2-4
2024-03-03 14:32:25,893 INFO o.a.j.t.JMeterThread: Thread is done: Thread Group - USER - RESGISTER 2-4
2024-03-03 14:32:25,893 INFO o.a.j.t.JMeterThread: Thread finished: Thread Group - USER - RESGISTER 2-4
2024-03-03 14:32:26,223 INFO o.a.j.t.JMeterThread: Thread started: Thread Group - USER - RESGISTER 2-5
2024-03-03 14:32:26,228 INFO o.a.j.t.JMeterThread: Thread is done: Thread Group - USER - RESGISTER 2-5
2024-03-03 14:32:26,229 INFO o.a.j.t.JMeterThread: Thread finished: Thread Group - USER - RESGISTER 2-5
2024-03-03 14:32:26,555 INFO o.a.j.t.JMeterThread: Thread started: Thread Group - USER - RESGISTER 2-6
2024-03-03 14:32:26,558 INFO o.a.j.t.JMeterThread: Thread is done: Thread Group - USER - RESGISTER 2-6
2024-03-03 14:32:26,558 INFO o.a.j.t.JMeterThread: Thread finished: Thread Group - USER - RESGISTER 2-6
2024-03-03 14:32:26,889 INFO o.a.j.t.JMeterThread: Thread started: Thread Group - USER - RESGISTER 2-7
2024-03-03 14:32:26,892 INFO o.a.j.t.JMeterThread: Thread is done: Thread Group - USER - RESGISTER 2-7
2024-03-03 14:32:26,892 INFO o.a.j.t.JMeterThread: Thread finished: Thread Group - USER - RESGISTER 2-7
2024-03-03 14:32:27,222 INFO o.a.j.t.JMeterThread: Thread started: Thread Group - USER - RESGISTER 2-8
2024-03-03 14:32:27,226 INFO o.a.j.t.JMeterThread: Thread is done: Thread Group - USER - RESGISTER 2-8
2024-03-03 14:32:27,226 INFO o.a.j.t.JMeterThread: Thread finished: Thread Group - USER - RESGISTER 2-8
2024-03-03 14:32:27,554 INFO o.a.j.t.JMeterThread: Thread started: Thread Group - USER - RESGISTER 2-9
2024-03-03 14:32:27,557 INFO o.a.j.t.JMeterThread: Thread is done: Thread Group - USER - RESGISTER 2-9
2024-03-03 14:32:27,557 INFO o.a.j.t.JMeterThread: Thread finished: Thread Group - USER - RESGISTER 2-9
2024-03-03 14:32:27,888 INFO o.a.j.t.JMeterThread: Thread started: Thread Group - USER - RESGISTER 2-10
2024-03-03 14:32:27,892 INFO o.a.j.t.JMeterThread: Thread is done: Thread Group - USER - RESGISTER 2-10
2024-03-03 14:32:27,892 INFO o.a.j.t.JMeterThread: Thread finished: Thread Group - USER - RESGISTER 2-10
2024-03-03 14:32:28,220 INFO o.a.j.t.JMeterThread: Thread started: Thread Group - USER - RESGISTER 2-11
2024-03-03 14:32:28,226 INFO o.a.j.t.JMeterThread: Thread is done: Thread Group - USER - RESGISTER 2-11
2024-03-03 14:32:28,226 INFO o.a.j.t.JMeterThread: Thread finished: Thread Group - USER - RESGISTER 2-11
2024-03-03 14:32:28,553 INFO o.a.j.t.JMeterThread: Thread started: Thread Group - USER - RESGISTER 2-12
2024-03-03 14:32:28,556 INFO o.a.j.t.JMeterThread: Thread is done: Thread Group - USER - RESGISTER 2-12
2024-03-03 14:32:28,556 INFO o.a.j.t.JMeterThread: Thread finished: Thread Group - USER - RESGISTER 2-12
2024-03-03 14:32:28,887 INFO o.a.j.t.JMeterThread: Thread started: Thread Group - USER - RESGISTER 2-13
2024-03-03 14:32:28,889 INFO o.a.j.t.JMeterThread: Thread is done: Thread Group - USER - RESGISTER 2-13
2024-03-03 14:32:28,889 INFO o.a.j.t.JMeterThread: Thread finished: Thread Group - USER - RESGISTER 2-13
2024-03-03 14:32:29,222 INFO o.a.j.t.JMeterThread: Thread started: Thread Group - USER - RESGISTER 2-14
2024-03-03 14:32:29,228 INFO o.a.j.t.JMeterThread: Thread is done: Thread Group - USER - RESGISTER 2-14
2024-03-03 14:32:29,228 INFO o.a.j.t.JMeterThread: Thread finished: Thread Group - USER - RESGISTER 2-14
2024-03-03 14:32:29,552 INFO o.a.j.t.JMeterThread: Thread started: Thread Group - USER - RESGISTER 2-15
2024-03-03 14:32:29,556 INFO o.a.j.t.JMeterThread: Thread is done: Thread Group - USER - RESGISTER 2-15
2024-03-03 14:32:29,556 INFO o.a.j.t.JMeterThread: Thread finished: Thread Group - USER - RESGISTER 2-15
2024-03-03 14:32:29,886 INFO o.a.j.t.JMeterThread: Thread started: Thread Group - USER - RESGISTER 2-16
2024-03-03 14:32:29,890 INFO o.a.j.t.JMeterThread: Thread is done: Thread Group - USER - RESGISTER 2-16
2024-03-03 14:32:29,890 INFO o.a.j.t.JMeterThread: Thread finished: Thread Group - USER - RESGISTER 2-16
2024-03-03 14:32:30,220 INFO o.a.j.t.JMeterThread: Thread started: Thread Group - USER - RESGISTER 2-17
2024-03-03 14:32:30,224 INFO o.a.j.t.JMeterThread: Thread is done: Thread Group - USER - RESGISTER 2-17
2024-03-03 14:32:30,224 INFO o.a.j.t.JMeterThread: Thread finished: Thread Group - USER - RESGISTER 2-17
2024-03-03 14:32:30,553 INFO o.a.j.t.JMeterThread: Thread started: Thread Group - USER - RESGISTER 2-18
2024-03-03 14:32:30,555 INFO o.a.j.t.JMeterThread: Thread is done: Thread Group - USER - RESGISTER 2-18
2024-03-03 14:32:30,556 INFO o.a.j.t.JMeterThread: Thread finished: Thread Group - USER - RESGISTER 2-18
2024-03-03 14:32:30,885 INFO o.a.j.t.JMeterThread: Thread started: Thread Group - USER - RESGISTER 2-19
2024-03-03 14:32:30,889 INFO o.a.j.t.JMeterThread: Thread is done: Thread Group - USER - RESGISTER 2-19
2024-03-03 14:32:30,890 INFO o.a.j.t.JMeterThread: Thread finished: Thread Group - USER - RESGISTER 2-19
2024-03-03 14:32:31,217 INFO o.a.j.t.JMeterThread: Thread started: Thread Group - USER - RESGISTER 2-20
2024-03-03 14:32:31,220 INFO o.a.j.t.JMeterThread: Thread is done: Thread Group - USER - RESGISTER 2-20
2024-03-03 14:32:31,220 INFO o.a.j.t.JMeterThread: Thread finished: Thread Group - USER - RESGISTER 2-20
2024-03-03 14:32:31,551 INFO o.a.j.t.JMeterThread: Thread started: Thread Group - USER - RESGISTER 2-21
2024-03-03 14:32:31,555 INFO o.a.j.t.JMeterThread: Thread is done: Thread Group - USER - RESGISTER 2-21
2024-03-03 14:32:31,555 INFO o.a.j.t.JMeterThread: Thread finished: Thread Group - USER - RESGISTER 2-21
2024-03-03 14:32:31,884 INFO o.a.j.t.JMeterThread: Thread started: Thread Group - USER - RESGISTER 2-22
2024-03-03 14:32:31,887 INFO o.a.j.t.JMeterThread: Thread is done: Thread Group - USER - RESGISTER 2-22
2024-03-03 14:32:31,887 INFO o.a.j.t.JMeterThread: Thread finished: Thread Group - USER - RESGISTER 2-22
2024-03-03 14:32:32,218 INFO o.a.j.t.JMeterThread: Thread started: Thread Group - USER - RESGISTER 2-23
2024-03-03 14:32:32,221 INFO o.a.j.t.JMeterThread: Thread is done: Thread Group - USER - RESGISTER 2-23
2024-03-03 14:32:32,221 INFO o.a.j.t.JMeterThread: Thread finished: Thread Group - USER - RESGISTER 2-23
2024-03-03 14:32:32,550 INFO o.a.j.t.JMeterThread: Thread started: Thread Group - USER - RESGISTER 2-24
2024-03-03 14:32:32,553 INFO o.a.j.t.JMeterThread: Thread is done: Thread Group - USER - RESGISTER 2-24
2024-03-03 14:32:32,553 INFO o.a.j.t.JMeterThread: Thread finished: Thread Group - USER - RESGISTER 2-24
2024-03-03 14:32:32,882 INFO o.a.j.t.JMeterThread: Thread started: Thread Group - USER - RESGISTER 2-25
2024-03-03 14:32:32,886 INFO o.a.j.t.JMeterThread: Thread is done: Thread Group - USER - RESGISTER 2-25
2024-03-03 14:32:32,887 INFO o.a.j.t.JMeterThread: Thread finished: Thread Group - USER - RESGISTER 2-25
2024-03-03 14:32:33,216 INFO o.a.j.t.JMeterThread: Thread started: Thread Group - USER - RESGISTER 2-26
2024-03-03 14:32:33,221 INFO o.a.j.t.JMeterThread: Thread is done: Thread Group - USER - RESGISTER 2-26
2024-03-03 14:32:33,221 INFO o.a.j.t.JMeterThread: Thread finished: Thread Group - USER - RESGISTER 2-26
2024-03-03 14:32:33,549 INFO o.a.j.t.JMeterThread: Thread started: Thread Group - USER - RESGISTER 2-27
2024-03-03 14:32:33,552 INFO o.a.j.t.JMeterThread: Thread is done: Thread Group - USER - RESGISTER 2-27
2024-03-03 14:32:33,552 INFO o.a.j.t.JMeterThread: Thread finished: Thread Group - USER - RESGISTER 2-27
2024-03-03 14:32:33,882 INFO o.a.j.t.JMeterThread: Thread started: Thread Group - USER - RESGISTER 2-28
2024-03-03 14:32:33,885 INFO o.a.j.t.JMeterThread: Thread is done: Thread Group - USER - RESGISTER 2-28
2024-03-03 14:32:33,885 INFO o.a.j.t.JMeterThread: Thread finished: Thread Group - USER - RESGISTER 2-28
2024-03-03 14:32:34,213 INFO o.a.j.t.JMeterThread: Thread started: Thread Group - USER - RESGISTER 2-29
2024-03-03 14:32:34,219 INFO o.a.j.t.JMeterThread: Thread is done: Thread Group - USER - RESGISTER 2-29
2024-03-03 14:32:34,219 INFO o.a.j.t.JMeterThread: Thread finished: Thread Group - USER - RESGISTER 2-29
2024-03-03 14:32:34,547 INFO o.a.j.t.JMeterThread: Thread started: Thread Group - USER - RESGISTER 2-30
2024-03-03 14:32:34,551 INFO o.a.j.t.JMeterThread: Thread is done: Thread Group - USER - RESGISTER 2-30
2024-03-03 14:32:34,551 INFO o.a.j.t.JMeterThread: Thread finished: Thread Group - USER - RESGISTER 2-30
2024-03-03 14:32:34,551 INFO o.a.j.e.StandardJMeterEngine: Notifying test listeners of end of test
2024-03-03 14:32:34,552 INFO o.a.j.s.FileServer: Close: C:/Users/ADMIN/Downloads/jmeter_user_registration - Sheet1.csv
2024-03-03 14:32:34,552 INFO o.a.j.g.u.JMeterMenuBar: setRunning(false, *local*)
2024-03-03 14:35:55,087 INFO o.a.j.e.StandardJMeterEngine: Running the test!
2024-03-03 14:35:55,087 INFO o.a.j.s.SampleEvent: List of sample_variables: []
2024-03-03 14:35:55,088 INFO o.a.j.g.u.JMeterMenuBar: setRunning(true, *local*)
2024-03-03 14:35:55,126 INFO o.a.j.e.StandardJMeterEngine: Starting ThreadGroup: 1 : Thread Group For POST
2024-03-03 14:35:55,126 INFO o.a.j.e.StandardJMeterEngine: Starting 1 threads for group Thread Group For POST.
2024-03-03 14:35:55,126 INFO o.a.j.e.StandardJMeterEngine: Thread will continue on error
2024-03-03 14:35:55,126 INFO o.a.j.t.ThreadGroup: Starting thread group... number=1 threads=1 ramp-up=1 delayedStart=false
2024-03-03 14:35:55,128 INFO o.a.j.t.ThreadGroup: Started thread group number 1
2024-03-03 14:35:55,128 INFO o.a.j.e.StandardJMeterEngine: Starting ThreadGroup: 2 : Thread Group - USER - RESGISTER
2024-03-03 14:35:55,128 INFO o.a.j.e.StandardJMeterEngine: Starting 30 threads for group Thread Group - USER - RESGISTER.
2024-03-03 14:35:55,128 INFO o.a.j.e.StandardJMeterEngine: Thread will continue on error
2024-03-03 14:35:55,128 INFO o.a.j.t.ThreadGroup: Starting thread group... number=2 threads=30 ramp-up=10 delayedStart=false
2024-03-03 14:35:55,128 INFO o.a.j.t.JMeterThread: Thread started: Thread Group For POST 1-1
2024-03-03 14:35:55,129 INFO o.a.j.t.JMeterThread: Thread started: Thread Group - USER - RESGISTER 2-1
2024-03-03 14:35:55,129 INFO o.a.j.s.FileServer: Stored: C:/Users/ADMIN/Downloads/jmeter_user_registration - Sheet1.csv
2024-03-03 14:35:55,134 INFO o.a.j.t.ThreadGroup: Started thread group number 2
2024-03-03 14:35:55,134 INFO o.a.j.e.StandardJMeterEngine: All thread groups have been started
2024-03-03 14:35:55,136 INFO o.a.j.t.JMeterThread: Thread is done: Thread Group - USER - RESGISTER 2-1
2024-03-03 14:35:55,136 INFO o.a.j.t.JMeterThread: Thread finished: Thread Group - USER - RESGISTER 2-1
2024-03-03 14:35:55,162 INFO o.a.j.t.JMeterThread: Thread is done: Thread Group For POST 1-1
2024-03-03 14:35:55,162 INFO o.a.j.t.JMeterThread: Thread finished: Thread Group For POST 1-1
2024-03-03 14:35:55,463 INFO o.a.j.t.JMeterThread: Thread started: Thread Group - USER - RESGISTER 2-2
2024-03-03 14:35:55,467 INFO o.a.j.t.JMeterThread: Thread is done: Thread Group - USER - RESGISTER 2-2
2024-03-03 14:35:55,467 INFO o.a.j.t.JMeterThread: Thread finished: Thread Group - USER - RESGISTER 2-2
2024-03-03 14:35:55,795 INFO o.a.j.t.JMeterThread: Thread started: Thread Group - USER - RESGISTER 2-3
2024-03-03 14:35:55,798 INFO o.a.j.t.JMeterThread: Thread is done: Thread Group - USER - RESGISTER 2-3
2024-03-03 14:35:55,798 INFO o.a.j.t.JMeterThread: Thread finished: Thread Group - USER - RESGISTER 2-3
2024-03-03 14:35:56,128 INFO o.a.j.t.JMeterThread: Thread started: Thread Group - USER - RESGISTER 2-4
2024-03-03 14:35:56,131 INFO o.a.j.t.JMeterThread: Thread is done: Thread Group - USER - RESGISTER 2-4
2024-03-03 14:35:56,132 INFO o.a.j.t.JMeterThread: Thread finished: Thread Group - USER - RESGISTER 2-4
2024-03-03 14:35:56,460 INFO o.a.j.t.JMeterThread: Thread started: Thread Group - USER - RESGISTER 2-5
2024-03-03 14:35:56,463 INFO o.a.j.t.JMeterThread: Thread is done: Thread Group - USER - RESGISTER 2-5
2024-03-03 14:35:56,463 INFO o.a.j.t.JMeterThread: Thread finished: Thread Group - USER - RESGISTER 2-5
2024-03-03 14:35:56,793 INFO o.a.j.t.JMeterThread: Thread started: Thread Group - USER - RESGISTER 2-6
2024-03-03 14:35:56,796 INFO o.a.j.t.JMeterThread: Thread is done: Thread Group - USER - RESGISTER 2-6
2024-03-03 14:35:56,796 INFO o.a.j.t.JMeterThread: Thread finished: Thread Group - USER - RESGISTER 2-6
2024-03-03 14:35:57,127 INFO o.a.j.t.JMeterThread: Thread started: Thread Group - USER - RESGISTER 2-7
2024-03-03 14:35:57,131 INFO o.a.j.t.JMeterThread: Thread is done: Thread Group - USER - RESGISTER 2-7
2024-03-03 14:35:57,131 INFO o.a.j.t.JMeterThread: Thread finished: Thread Group - USER - RESGISTER 2-7
2024-03-03 14:35:57,460 INFO o.a.j.t.JMeterThread: Thread started: Thread Group - USER - RESGISTER 2-8
2024-03-03 14:35:57,466 INFO o.a.j.t.JMeterThread: Thread is done: Thread Group - USER - RESGISTER 2-8
2024-03-03 14:35:57,466 INFO o.a.j.t.JMeterThread: Thread finished: Thread Group - USER - RESGISTER 2-8
2024-03-03 14:35:57,793 INFO o.a.j.t.JMeterThread: Thread started: Thread Group - USER - RESGISTER 2-9
2024-03-03 14:35:57,797 INFO o.a.j.t.JMeterThread: Thread is done: Thread Group - USER - RESGISTER 2-9
2024-03-03 14:35:57,797 INFO o.a.j.t.JMeterThread: Thread finished: Thread Group - USER - RESGISTER 2-9
2024-03-03 14:35:58,125 INFO o.a.j.t.JMeterThread: Thread started: Thread Group - USER - RESGISTER 2-10
2024-03-03 14:35:58,129 INFO o.a.j.t.JMeterThread: Thread is done: Thread Group - USER - RESGISTER 2-10
2024-03-03 14:35:58,129 INFO o.a.j.t.JMeterThread: Thread finished: Thread Group - USER - RESGISTER 2-10
2024-03-03 14:35:58,458 INFO o.a.j.t.JMeterThread: Thread started: Thread Group - USER - RESGISTER 2-11
2024-03-03 14:35:58,461 INFO o.a.j.t.JMeterThread: Thread is done: Thread Group - USER - RESGISTER 2-11
2024-03-03 14:35:58,461 INFO o.a.j.t.JMeterThread: Thread finished: Thread Group - USER - RESGISTER 2-11
2024-03-03 14:35:58,792 INFO o.a.j.t.JMeterThread: Thread started: Thread Group - USER - RESGISTER 2-12
2024-03-03 14:35:58,795 INFO o.a.j.t.JMeterThread: Thread is done: Thread Group - USER - RESGISTER 2-12
2024-03-03 14:35:58,795 INFO o.a.j.t.JMeterThread: Thread finished: Thread Group - USER - RESGISTER 2-12
2024-03-03 14:35:59,125 INFO o.a.j.t.JMeterThread: Thread started: Thread Group - USER - RESGISTER 2-13
2024-03-03 14:35:59,129 INFO o.a.j.t.JMeterThread: Thread is done: Thread Group - USER - RESGISTER 2-13
2024-03-03 14:35:59,129 INFO o.a.j.t.JMeterThread: Thread finished: Thread Group - USER - RESGISTER 2-13
2024-03-03 14:35:59,459 INFO o.a.j.t.JMeterThread: Thread started: Thread Group - USER - RESGISTER 2-14
2024-03-03 14:35:59,462 INFO o.a.j.t.JMeterThread: Thread is done: Thread Group - USER - RESGISTER 2-14
2024-03-03 14:35:59,462 INFO o.a.j.t.JMeterThread: Thread finished: Thread Group - USER - RESGISTER 2-14
2024-03-03 14:35:59,790 INFO o.a.j.t.JMeterThread: Thread started: Thread Group - USER - RESGISTER 2-15
2024-03-03 14:35:59,793 INFO o.a.j.t.JMeterThread: Thread is done: Thread Group - USER - RESGISTER 2-15
2024-03-03 14:35:59,794 INFO o.a.j.t.JMeterThread: Thread finished: Thread Group - USER - RESGISTER 2-15
2024-03-03 14:36:00,124 INFO o.a.j.t.JMeterThread: Thread started: Thread Group - USER - RESGISTER 2-16
2024-03-03 14:36:00,128 INFO o.a.j.t.JMeterThread: Thread is done: Thread Group - USER - RESGISTER 2-16
2024-03-03 14:36:00,128 INFO o.a.j.t.JMeterThread: Thread finished: Thread Group - USER - RESGISTER 2-16
2024-03-03 14:36:00,457 INFO o.a.j.t.JMeterThread: Thread started: Thread Group - USER - RESGISTER 2-17
2024-03-03 14:36:00,471 INFO o.a.j.t.JMeterThread: Thread is done: Thread Group - USER - RESGISTER 2-17
2024-03-03 14:36:00,472 INFO o.a.j.t.JMeterThread: Thread finished: Thread Group - USER - RESGISTER 2-17
2024-03-03 14:36:00,790 INFO o.a.j.t.JMeterThread: Thread started: Thread Group - USER - RESGISTER 2-18
2024-03-03 14:36:00,793 INFO o.a.j.t.JMeterThread: Thread is done: Thread Group - USER - RESGISTER 2-18
2024-03-03 14:36:00,793 INFO o.a.j.t.JMeterThread: Thread finished: Thread Group - USER - RESGISTER 2-18
2024-03-03 14:36:01,124 INFO o.a.j.t.JMeterThread: Thread started: Thread Group - USER - RESGISTER 2-19
2024-03-03 14:36:01,127 INFO o.a.j.t.JMeterThread: Thread is done: Thread Group - USER - RESGISTER 2-19
2024-03-03 14:36:01,127 INFO o.a.j.t.JMeterThread: Thread finished: Thread Group - USER - RESGISTER 2-19
2024-03-03 14:36:01,456 INFO o.a.j.t.JMeterThread: Thread started: Thread Group - USER - RESGISTER 2-20
2024-03-03 14:36:01,460 INFO o.a.j.t.JMeterThread: Thread is done: Thread Group - USER - RESGISTER 2-20
2024-03-03 14:36:01,460 INFO o.a.j.t.JMeterThread: Thread finished: Thread Group - USER - RESGISTER 2-20
2024-03-03 14:36:01,790 INFO o.a.j.t.JMeterThread: Thread started: Thread Group - USER - RESGISTER 2-21
2024-03-03 14:36:01,793 INFO o.a.j.t.JMeterThread: Thread is done: Thread Group - USER - RESGISTER 2-21
2024-03-03 14:36:01,793 INFO o.a.j.t.JMeterThread: Thread finished: Thread Group - USER - RESGISTER 2-21
2024-03-03 14:36:02,122 INFO o.a.j.t.JMeterThread: Thread started: Thread Group - USER - RESGISTER 2-22
2024-03-03 14:36:02,127 INFO o.a.j.t.JMeterThread: Thread is done: Thread Group - USER - RESGISTER 2-22
2024-03-03 14:36:02,127 INFO o.a.j.t.JMeterThread: Thread finished: Thread Group - USER - RESGISTER 2-22
2024-03-03 14:36:02,456 INFO o.a.j.t.JMeterThread: Thread started: Thread Group - USER - RESGISTER 2-23
2024-03-03 14:36:02,459 INFO o.a.j.t.JMeterThread: Thread is done: Thread Group - USER - RESGISTER 2-23
2024-03-03 14:36:02,459 INFO o.a.j.t.JMeterThread: Thread finished: Thread Group - USER - RESGISTER 2-23
2024-03-03 14:36:02,790 INFO o.a.j.t.JMeterThread: Thread started: Thread Group - USER - RESGISTER 2-24
2024-03-03 14:36:02,792 INFO o.a.j.t.JMeterThread: Thread is done: Thread Group - USER - RESGISTER 2-24
2024-03-03 14:36:02,792 INFO o.a.j.t.JMeterThread: Thread finished: Thread Group - USER - RESGISTER 2-24
2024-03-03 14:36:03,121 INFO o.a.j.t.JMeterThread: Thread started: Thread Group - USER - RESGISTER 2-25
2024-03-03 14:36:03,123 INFO o.a.j.t.JMeterThread: Thread is done: Thread Group - USER - RESGISTER 2-25
2024-03-03 14:36:03,123 INFO o.a.j.t.JMeterThread: Thread finished: Thread Group - USER - RESGISTER 2-25
2024-03-03 14:36:03,453 INFO o.a.j.t.JMeterThread: Thread started: Thread Group - USER - RESGISTER 2-26
2024-03-03 14:36:03,456 INFO o.a.j.t.JMeterThread: Thread is done: Thread Group - USER - RESGISTER 2-26
2024-03-03 14:36:03,456 INFO o.a.j.t.JMeterThread: Thread finished: Thread Group - USER - RESGISTER 2-26
2024-03-03 14:36:03,787 INFO o.a.j.t.JMeterThread: Thread started: Thread Group - USER - RESGISTER 2-27
2024-03-03 14:36:03,790 INFO o.a.j.t.JMeterThread: Thread is done: Thread Group - USER - RESGISTER 2-27
2024-03-03 14:36:03,790 INFO o.a.j.t.JMeterThread: Thread finished: Thread Group - USER - RESGISTER 2-27
2024-03-03 14:36:04,121 INFO o.a.j.t.JMeterThread: Thread started: Thread Group - USER - RESGISTER 2-28
2024-03-03 14:36:04,124 INFO o.a.j.t.JMeterThread: Thread is done: Thread Group - USER - RESGISTER 2-28
2024-03-03 14:36:04,124 INFO o.a.j.t.JMeterThread: Thread finished: Thread Group - USER - RESGISTER 2-28
2024-03-03 14:36:04,454 INFO o.a.j.t.JMeterThread: Thread started: Thread Group - USER - RESGISTER 2-29
2024-03-03 14:36:04,457 INFO o.a.j.t.JMeterThread: Thread is done: Thread Group - USER - RESGISTER 2-29
2024-03-03 14:36:04,457 INFO o.a.j.t.JMeterThread: Thread finished: Thread Group - USER - RESGISTER 2-29
2024-03-03 14:36:04,785 INFO o.a.j.t.JMeterThread: Thread started: Thread Group - USER - RESGISTER 2-30
2024-03-03 14:36:04,789 INFO o.a.j.t.JMeterThread: Thread is done: Thread Group - USER - RESGISTER 2-30
2024-03-03 14:36:04,789 INFO o.a.j.t.JMeterThread: Thread finished: Thread Group - USER - RESGISTER 2-30
2024-03-03 14:36:04,790 INFO o.a.j.e.StandardJMeterEngine: Notifying test listeners of end of test
2024-03-03 14:36:04,790 INFO o.a.j.s.FileServer: Close: C:/Users/ADMIN/Downloads/jmeter_user_registration - Sheet1.csv
2024-03-03 14:36:04,790 INFO o.a.j.g.u.JMeterMenuBar: setRunning(false, *local*)
2024-03-03 14:37:42,454 INFO o.a.j.s.FileServer: Set new base='C:\Users\ADMIN\Desktop\Lab-5-JMETER-FILES'
